10:20:16.573 [pool-1-thread-2] INFO  o.a.AndroidAnnotationProcessor:86 - Initialize AndroidAnnotationProcessor with options {}
10:20:16.637 [pool-1-thread-2] INFO  o.a.AndroidAnnotationProcessor:117 - Start processing for 6 annotations on 12 elements
10:20:16.647 [pool-1-thread-2] DEBUG o.a.h.AndroidManifestFinder:137 - AndroidManifest.xml file found in parent folder D:\FEi\git\AndroidHook\AndroidHook: D:\FEi\git\AndroidHook\AndroidHook\AndroidManifest.xml
10:20:16.651 [pool-1-thread-2] INFO  o.a.AndroidAnnotationProcessor:180 - AndroidManifest.xml found: AndroidManifest [applicationPackage=com.fei_ke.AndroidHook, componentQualifiedNames=[com.fei_ke.AndroidHook.ui.activity.MainActivity_, com.fei_ke.AndroidHook.ui.activity.EditActivity_], permissionQualifiedNames=[], applicationClassName=com.fei_ke.AndroidHook.BaseApplication, libraryProject=false, debugabble=false, minSdkVersion=14, maxSdkVersion=-1, targetSdkVersion=19]
10:20:16.652 [pool-1-thread-2] INFO  o.a.r.ProjectRClassFinder:48 - Found project R class: com.fei_ke.AndroidHook.R
10:20:16.655 [pool-1-thread-2] INFO  o.a.r.AndroidRClassFinder:44 - Found Android class: android.R
10:20:16.689 [pool-1-thread-2] INFO  o.a.p.ModelValidator:42 - Validating elements
10:20:16.689 [pool-1-thread-2] DEBUG o.a.p.ModelValidator:62 - Validating with EActivityHandler: [com.fei_ke.AndroidHook.ui.activity.BaseActivity, com.fei_ke.AndroidHook.ui.activity.MainActivity, com.fei_ke.AndroidHook.ui.activity.EditActivity]
10:20:16.693 [pool-1-thread-2] DEBUG o.a.p.ModelValidator:62 - Validating with EFragmentHandler: [com.fei_ke.AndroidHook.ui.fragment.BaseFragment, com.fei_ke.AndroidHook.ui.fragment.EditFragment]
10:20:16.696 [pool-1-thread-2] DEBUG o.a.p.ModelValidator:62 - Validating with ViewByIdHandler: [listView, editAliasName, editPackageName, editClassName, editMethodName, editParaType, editReturnType]
10:20:16.705 [pool-1-thread-2] DEBUG o.a.p.ModelValidator:62 - Validating with ExtraHandler: [hookEntity]
10:20:16.706 [pool-1-thread-2] DEBUG o.a.p.ModelValidator:62 - Validating with FragmentArgHandler: [hookEntity]
10:20:16.706 [pool-1-thread-2] DEBUG o.a.p.ModelValidator:62 - Validating with AfterViewsHandler: [onPrivateAfterViews(), onPrivateAfterViews()]
10:20:16.715 [pool-1-thread-2] INFO  o.a.p.ModelProcessor:73 - Processing root elements
10:20:16.715 [pool-1-thread-2] DEBUG o.a.p.ModelProcessor:80 - Processing root elements EActivityHandler: [com.fei_ke.AndroidHook.ui.activity.EditActivity, com.fei_ke.AndroidHook.ui.activity.MainActivity, com.fei_ke.AndroidHook.ui.activity.BaseActivity]
10:20:16.746 [pool-1-thread-2] DEBUG o.a.p.ModelProcessor:80 - Processing root elements EFragmentHandler: [com.fei_ke.AndroidHook.ui.fragment.BaseFragment, com.fei_ke.AndroidHook.ui.fragment.EditFragment]
10:20:16.748 [pool-1-thread-2] INFO  o.a.p.ModelProcessor:104 - Processing enclosed elements
10:20:16.754 [pool-1-thread-2] DEBUG o.a.p.ModelProcessor:116 - Processing enclosed elements with AfterViewsHandler: [org.androidannotations.model.AnnotationElements$AnnotatedAndRootElements@503b27cc, org.androidannotations.model.AnnotationElements$AnnotatedAndRootElements@7ba37b98, org.androidannotations.model.AnnotationElements$AnnotatedAndRootElements@34114882]
10:20:16.755 [pool-1-thread-2] INFO  o.a.AndroidAnnotationProcessor:259 - Number of files generated by AndroidAnnotations: 3
10:20:16.757 [pool-1-thread-2] INFO  o.a.g.ApiCodeGenerator:52 - Writting following API classes in project: []
10:20:16.758 [pool-1-thread-2] DEBUG o.a.g.SourceCodewriter:55 - Generating class: com.fei_ke.AndroidHook.ui.fragment.EditFragment_
10:20:16.776 [pool-1-thread-2] DEBUG o.a.g.SourceCodewriter:55 - Generating class: com.fei_ke.AndroidHook.ui.activity.EditActivity_
10:20:16.790 [pool-1-thread-2] DEBUG o.a.g.SourceCodewriter:55 - Generating class: com.fei_ke.AndroidHook.ui.activity.MainActivity_
10:20:16.798 [pool-1-thread-2] INFO  o.a.p.TimeStats:81 - Time measurements: [Whole Processing = 162 ms], [Process Annotations = 48 ms], [Generate Sources = 43 ms], [Find R Classes = 28 ms], [Validate Annotations = 19 ms], [Extract Annotations = 8 ms], [Extract Manifest = 5 ms], 
10:20:16.798 [pool-1-thread-2] INFO  o.a.AndroidAnnotationProcessor:131 - Finish processing
10:58:26.161 [pool-1-thread-2] INFO  o.a.AndroidAnnotationProcessor:86 - Initialize AndroidAnnotationProcessor with options {}
11:07:14.294 [pool-1-thread-2] INFO  o.a.AndroidAnnotationProcessor:86 - Initialize AndroidAnnotationProcessor with options {}
11:07:14.380 [pool-1-thread-2] INFO  o.a.AndroidAnnotationProcessor:117 - Start processing for 3 annotations on 1 elements
11:07:14.387 [pool-1-thread-2] DEBUG o.a.h.AndroidManifestFinder:137 - AndroidManifest.xml file found in parent folder D:\FEi\git\AndroidHook\AndroidHook: D:\FEi\git\AndroidHook\AndroidHook\AndroidManifest.xml
11:07:14.394 [pool-1-thread-2] INFO  o.a.AndroidAnnotationProcessor:180 - AndroidManifest.xml found: AndroidManifest [applicationPackage=com.fei_ke.AndroidHook, componentQualifiedNames=[com.fei_ke.AndroidHook.ui.activity.MainActivity_, com.fei_ke.AndroidHook.ui.activity.EditActivity_], permissionQualifiedNames=[], applicationClassName=com.fei_ke.AndroidHook.BaseApplication, libraryProject=false, debugabble=false, minSdkVersion=14, maxSdkVersion=-1, targetSdkVersion=19]
11:07:14.396 [pool-1-thread-2] INFO  o.a.r.ProjectRClassFinder:48 - Found project R class: com.fei_ke.AndroidHook.R
11:07:14.399 [pool-1-thread-2] INFO  o.a.r.AndroidRClassFinder:44 - Found Android class: android.R
11:07:14.437 [pool-1-thread-2] INFO  o.a.p.ModelValidator:42 - Validating elements
11:07:14.438 [pool-1-thread-2] DEBUG o.a.p.ModelValidator:62 - Validating with EFragmentHandler: [com.fei_ke.AndroidHook.ui.fragment.EditFragment]
11:07:14.441 [pool-1-thread-2] DEBUG o.a.p.ModelValidator:62 - Validating with ViewByIdHandler: [editAliasName, editPackageName, editClassName, editMethodName, editParaType, editReturnType]
11:07:14.453 [pool-1-thread-2] DEBUG o.a.p.ModelValidator:62 - Validating with FragmentArgHandler: [hookEntity]
11:07:14.463 [pool-1-thread-2] INFO  o.a.p.ModelProcessor:73 - Processing root elements
11:07:14.463 [pool-1-thread-2] DEBUG o.a.p.ModelProcessor:80 - Processing root elements EFragmentHandler: [com.fei_ke.AndroidHook.ui.fragment.EditFragment]
11:07:14.480 [pool-1-thread-2] INFO  o.a.p.ModelProcessor:104 - Processing enclosed elements
11:07:14.491 [pool-1-thread-2] DEBUG o.a.p.ModelProcessor:116 - Processing enclosed elements with AfterViewsHandler: [org.androidannotations.model.AnnotationElements$AnnotatedAndRootElements@dcc3481]
11:07:14.492 [pool-1-thread-2] INFO  o.a.AndroidAnnotationProcessor:259 - Number of files generated by AndroidAnnotations: 1
11:07:14.494 [pool-1-thread-2] INFO  o.a.g.ApiCodeGenerator:52 - Writting following API classes in project: []
11:07:14.495 [pool-1-thread-2] DEBUG o.a.g.SourceCodewriter:55 - Generating class: com.fei_ke.AndroidHook.ui.fragment.EditFragment_
11:07:14.515 [pool-1-thread-2] INFO  o.a.p.TimeStats:81 - Time measurements: [Whole Processing = 136 ms], [Process Annotations = 39 ms], [Find R Classes = 35 ms], [Generate Sources = 23 ms], [Validate Annotations = 16 ms], [Extract Manifest = 9 ms], [Extract Annotations = 4 ms], 
11:07:14.515 [pool-1-thread-2] INFO  o.a.AndroidAnnotationProcessor:131 - Finish processing
11:08:21.462 [pool-1-thread-2] INFO  o.a.AndroidAnnotationProcessor:86 - Initialize AndroidAnnotationProcessor with options {}
11:08:21.528 [pool-1-thread-2] INFO  o.a.AndroidAnnotationProcessor:117 - Start processing for 2 annotations on 1 elements
11:08:21.532 [pool-1-thread-2] DEBUG o.a.h.AndroidManifestFinder:137 - AndroidManifest.xml file found in parent folder D:\FEi\git\AndroidHook\AndroidHook: D:\FEi\git\AndroidHook\AndroidHook\AndroidManifest.xml
11:08:21.536 [pool-1-thread-2] INFO  o.a.AndroidAnnotationProcessor:180 - AndroidManifest.xml found: AndroidManifest [applicationPackage=com.fei_ke.AndroidHook, componentQualifiedNames=[com.fei_ke.AndroidHook.ui.activity.MainActivity_, com.fei_ke.AndroidHook.ui.activity.EditActivity_], permissionQualifiedNames=[], applicationClassName=com.fei_ke.AndroidHook.BaseApplication, libraryProject=false, debugabble=false, minSdkVersion=14, maxSdkVersion=-1, targetSdkVersion=19]
11:08:21.537 [pool-1-thread-2] INFO  o.a.r.ProjectRClassFinder:48 - Found project R class: com.fei_ke.AndroidHook.R
11:08:21.542 [pool-1-thread-2] INFO  o.a.r.AndroidRClassFinder:44 - Found Android class: android.R
11:08:21.576 [pool-1-thread-2] INFO  o.a.p.ModelValidator:42 - Validating elements
11:08:21.576 [pool-1-thread-2] DEBUG o.a.p.ModelValidator:62 - Validating with EActivityHandler: [com.fei_ke.AndroidHook.ui.activity.MainActivity]
11:08:21.579 [pool-1-thread-2] DEBUG o.a.p.ModelValidator:62 - Validating with ViewByIdHandler: [listView]
11:08:21.594 [pool-1-thread-2] INFO  o.a.p.ModelProcessor:73 - Processing root elements
11:08:21.594 [pool-1-thread-2] DEBUG o.a.p.ModelProcessor:80 - Processing root elements EActivityHandler: [com.fei_ke.AndroidHook.ui.activity.MainActivity]
11:08:21.623 [pool-1-thread-2] INFO  o.a.p.ModelProcessor:104 - Processing enclosed elements
11:08:21.624 [pool-1-thread-2] DEBUG o.a.p.ModelProcessor:116 - Processing enclosed elements with AfterViewsHandler: [org.androidannotations.model.AnnotationElements$AnnotatedAndRootElements@209d3026]
11:08:21.625 [pool-1-thread-2] INFO  o.a.AndroidAnnotationProcessor:259 - Number of files generated by AndroidAnnotations: 1
11:08:21.626 [pool-1-thread-2] INFO  o.a.g.ApiCodeGenerator:52 - Writting following API classes in project: []
11:08:21.628 [pool-1-thread-2] DEBUG o.a.g.SourceCodewriter:55 - Generating class: com.fei_ke.AndroidHook.ui.activity.MainActivity_
11:08:21.644 [pool-1-thread-2] INFO  o.a.p.TimeStats:81 - Time measurements: [Whole Processing = 116 ms], [Process Annotations = 39 ms], [Find R Classes = 31 ms], [Generate Sources = 19 ms], [Validate Annotations = 11 ms], [Extract Manifest = 5 ms], [Extract Annotations = 2 ms], 
11:08:21.644 [pool-1-thread-2] INFO  o.a.AndroidAnnotationProcessor:131 - Finish processing
11:16:56.480 [pool-1-thread-2] INFO  o.a.AndroidAnnotationProcessor:86 - Initialize AndroidAnnotationProcessor with options {}
11:16:56.545 [pool-1-thread-2] INFO  o.a.AndroidAnnotationProcessor:117 - Start processing for 2 annotations on 1 elements
11:16:56.549 [pool-1-thread-2] DEBUG o.a.h.AndroidManifestFinder:137 - AndroidManifest.xml file found in parent folder D:\FEi\git\AndroidHook\AndroidHook: D:\FEi\git\AndroidHook\AndroidHook\AndroidManifest.xml
11:16:56.554 [pool-1-thread-2] INFO  o.a.AndroidAnnotationProcessor:180 - AndroidManifest.xml found: AndroidManifest [applicationPackage=com.fei_ke.AndroidHook, componentQualifiedNames=[com.fei_ke.AndroidHook.ui.activity.MainActivity_, com.fei_ke.AndroidHook.ui.activity.EditActivity_], permissionQualifiedNames=[], applicationClassName=com.fei_ke.AndroidHook.BaseApplication, libraryProject=false, debugabble=false, minSdkVersion=14, maxSdkVersion=-1, targetSdkVersion=19]
11:16:56.555 [pool-1-thread-2] INFO  o.a.r.ProjectRClassFinder:48 - Found project R class: com.fei_ke.AndroidHook.R
11:16:56.559 [pool-1-thread-2] INFO  o.a.r.AndroidRClassFinder:44 - Found Android class: android.R
11:16:56.588 [pool-1-thread-2] INFO  o.a.p.ModelValidator:42 - Validating elements
11:16:56.588 [pool-1-thread-2] DEBUG o.a.p.ModelValidator:62 - Validating with EActivityHandler: [com.fei_ke.AndroidHook.ui.activity.MainActivity]
11:16:56.592 [pool-1-thread-2] DEBUG o.a.p.ModelValidator:62 - Validating with ViewByIdHandler: [listView]
11:16:56.604 [pool-1-thread-2] INFO  o.a.p.ModelProcessor:73 - Processing root elements
11:16:56.604 [pool-1-thread-2] DEBUG o.a.p.ModelProcessor:80 - Processing root elements EActivityHandler: [com.fei_ke.AndroidHook.ui.activity.MainActivity]
11:16:56.632 [pool-1-thread-2] INFO  o.a.p.ModelProcessor:104 - Processing enclosed elements
11:16:56.633 [pool-1-thread-2] DEBUG o.a.p.ModelProcessor:116 - Processing enclosed elements with AfterViewsHandler: [org.androidannotations.model.AnnotationElements$AnnotatedAndRootElements@534afbb0]
11:16:56.633 [pool-1-thread-2] INFO  o.a.AndroidAnnotationProcessor:259 - Number of files generated by AndroidAnnotations: 1
11:16:56.635 [pool-1-thread-2] INFO  o.a.g.ApiCodeGenerator:52 - Writting following API classes in project: []
11:16:56.636 [pool-1-thread-2] DEBUG o.a.g.SourceCodewriter:55 - Generating class: com.fei_ke.AndroidHook.ui.activity.MainActivity_
11:16:56.654 [pool-1-thread-2] INFO  o.a.p.TimeStats:81 - Time measurements: [Whole Processing = 108 ms], [Process Annotations = 37 ms], [Find R Classes = 27 ms], [Generate Sources = 20 ms], [Validate Annotations = 9 ms], [Extract Manifest = 6 ms], [Extract Annotations = 2 ms], 
11:16:56.654 [pool-1-thread-2] INFO  o.a.AndroidAnnotationProcessor:131 - Finish processing
11:18:39.8 [pool-1-thread-2] INFO  o.a.AndroidAnnotationProcessor:86 - Initialize AndroidAnnotationProcessor with options {}
11:18:39.73 [pool-1-thread-2] INFO  o.a.AndroidAnnotationProcessor:117 - Start processing for 2 annotations on 1 elements
11:18:39.77 [pool-1-thread-2] DEBUG o.a.h.AndroidManifestFinder:137 - AndroidManifest.xml file found in parent folder D:\FEi\git\AndroidHook\AndroidHook: D:\FEi\git\AndroidHook\AndroidHook\AndroidManifest.xml
11:18:39.81 [pool-1-thread-2] INFO  o.a.AndroidAnnotationProcessor:180 - AndroidManifest.xml found: AndroidManifest [applicationPackage=com.fei_ke.AndroidHook, componentQualifiedNames=[com.fei_ke.AndroidHook.ui.activity.MainActivity_, com.fei_ke.AndroidHook.ui.activity.EditActivity_], permissionQualifiedNames=[], applicationClassName=com.fei_ke.AndroidHook.BaseApplication, libraryProject=false, debugabble=false, minSdkVersion=14, maxSdkVersion=-1, targetSdkVersion=19]
11:18:39.81 [pool-1-thread-2] INFO  o.a.r.ProjectRClassFinder:48 - Found project R class: com.fei_ke.AndroidHook.R
11:18:39.85 [pool-1-thread-2] INFO  o.a.r.AndroidRClassFinder:44 - Found Android class: android.R
11:18:39.120 [pool-1-thread-2] INFO  o.a.p.ModelValidator:42 - Validating elements
11:18:39.120 [pool-1-thread-2] DEBUG o.a.p.ModelValidator:62 - Validating with EActivityHandler: [com.fei_ke.AndroidHook.ui.activity.MainActivity]
11:18:39.124 [pool-1-thread-2] DEBUG o.a.p.ModelValidator:62 - Validating with ViewByIdHandler: [listView]
11:18:39.139 [pool-1-thread-2] INFO  o.a.p.ModelProcessor:73 - Processing root elements
11:18:39.139 [pool-1-thread-2] DEBUG o.a.p.ModelProcessor:80 - Processing root elements EActivityHandler: [com.fei_ke.AndroidHook.ui.activity.MainActivity]
11:18:39.166 [pool-1-thread-2] INFO  o.a.p.ModelProcessor:104 - Processing enclosed elements
11:18:39.167 [pool-1-thread-2] DEBUG o.a.p.ModelProcessor:116 - Processing enclosed elements with AfterViewsHandler: [org.androidannotations.model.AnnotationElements$AnnotatedAndRootElements@d876811]
11:18:39.167 [pool-1-thread-2] INFO  o.a.AndroidAnnotationProcessor:259 - Number of files generated by AndroidAnnotations: 1
11:18:39.169 [pool-1-thread-2] INFO  o.a.g.ApiCodeGenerator:52 - Writting following API classes in project: []
11:18:39.170 [pool-1-thread-2] DEBUG o.a.g.SourceCodewriter:55 - Generating class: com.fei_ke.AndroidHook.ui.activity.MainActivity_
11:18:39.187 [pool-1-thread-2] INFO  o.a.p.TimeStats:81 - Time measurements: [Whole Processing = 113 ms], [Process Annotations = 35 ms], [Find R Classes = 31 ms], [Generate Sources = 19 ms], [Validate Annotations = 12 ms], [Extract Manifest = 5 ms], [Extract Annotations = 2 ms], 
11:18:39.187 [pool-1-thread-2] INFO  o.a.AndroidAnnotationProcessor:131 - Finish processing
11:23:42.11 [pool-1-thread-2] INFO  o.a.AndroidAnnotationProcessor:86 - Initialize AndroidAnnotationProcessor with options {}
11:23:42.76 [pool-1-thread-2] INFO  o.a.AndroidAnnotationProcessor:117 - Start processing for 2 annotations on 1 elements
11:23:42.80 [pool-1-thread-2] DEBUG o.a.h.AndroidManifestFinder:137 - AndroidManifest.xml file found in parent folder D:\FEi\git\AndroidHook\AndroidHook: D:\FEi\git\AndroidHook\AndroidHook\AndroidManifest.xml
11:23:42.84 [pool-1-thread-2] INFO  o.a.AndroidAnnotationProcessor:180 - AndroidManifest.xml found: AndroidManifest [applicationPackage=com.fei_ke.AndroidHook, componentQualifiedNames=[com.fei_ke.AndroidHook.ui.activity.MainActivity_, com.fei_ke.AndroidHook.ui.activity.EditActivity_], permissionQualifiedNames=[], applicationClassName=com.fei_ke.AndroidHook.BaseApplication, libraryProject=false, debugabble=false, minSdkVersion=14, maxSdkVersion=-1, targetSdkVersion=19]
11:23:42.85 [pool-1-thread-2] INFO  o.a.r.ProjectRClassFinder:48 - Found project R class: com.fei_ke.AndroidHook.R
11:23:42.89 [pool-1-thread-2] INFO  o.a.r.AndroidRClassFinder:44 - Found Android class: android.R
11:23:42.121 [pool-1-thread-2] INFO  o.a.p.ModelValidator:42 - Validating elements
11:23:42.121 [pool-1-thread-2] DEBUG o.a.p.ModelValidator:62 - Validating with EActivityHandler: [com.fei_ke.AndroidHook.ui.activity.MainActivity]
11:23:42.125 [pool-1-thread-2] DEBUG o.a.p.ModelValidator:62 - Validating with ViewByIdHandler: [listView]
11:23:42.137 [pool-1-thread-2] INFO  o.a.p.ModelProcessor:73 - Processing root elements
11:23:42.137 [pool-1-thread-2] DEBUG o.a.p.ModelProcessor:80 - Processing root elements EActivityHandler: [com.fei_ke.AndroidHook.ui.activity.MainActivity]
11:23:42.168 [pool-1-thread-2] INFO  o.a.p.ModelProcessor:104 - Processing enclosed elements
11:23:42.169 [pool-1-thread-2] DEBUG o.a.p.ModelProcessor:116 - Processing enclosed elements with AfterViewsHandler: [org.androidannotations.model.AnnotationElements$AnnotatedAndRootElements@395e9c7]
11:23:42.169 [pool-1-thread-2] INFO  o.a.AndroidAnnotationProcessor:259 - Number of files generated by AndroidAnnotations: 1
11:23:42.171 [pool-1-thread-2] INFO  o.a.g.ApiCodeGenerator:52 - Writting following API classes in project: []
11:23:42.172 [pool-1-thread-2] DEBUG o.a.g.SourceCodewriter:55 - Generating class: com.fei_ke.AndroidHook.ui.activity.MainActivity_
11:23:42.190 [pool-1-thread-2] INFO  o.a.p.TimeStats:81 - Time measurements: [Whole Processing = 114 ms], [Process Annotations = 40 ms], [Find R Classes = 29 ms], [Generate Sources = 21 ms], [Validate Annotations = 9 ms], [Extract Manifest = 5 ms], [Extract Annotations = 2 ms], 
11:23:42.190 [pool-1-thread-2] INFO  o.a.AndroidAnnotationProcessor:131 - Finish processing
11:25:35.714 [pool-1-thread-2] INFO  o.a.AndroidAnnotationProcessor:86 - Initialize AndroidAnnotationProcessor with options {}
11:25:35.777 [pool-1-thread-2] INFO  o.a.AndroidAnnotationProcessor:117 - Start processing for 2 annotations on 1 elements
11:25:35.782 [pool-1-thread-2] DEBUG o.a.h.AndroidManifestFinder:137 - AndroidManifest.xml file found in parent folder D:\FEi\git\AndroidHook\AndroidHook: D:\FEi\git\AndroidHook\AndroidHook\AndroidManifest.xml
11:25:35.786 [pool-1-thread-2] INFO  o.a.AndroidAnnotationProcessor:180 - AndroidManifest.xml found: AndroidManifest [applicationPackage=com.fei_ke.AndroidHook, componentQualifiedNames=[com.fei_ke.AndroidHook.ui.activity.MainActivity_, com.fei_ke.AndroidHook.ui.activity.EditActivity_], permissionQualifiedNames=[], applicationClassName=com.fei_ke.AndroidHook.BaseApplication, libraryProject=false, debugabble=false, minSdkVersion=14, maxSdkVersion=-1, targetSdkVersion=19]
11:25:35.787 [pool-1-thread-2] INFO  o.a.r.ProjectRClassFinder:48 - Found project R class: com.fei_ke.AndroidHook.R
11:25:35.790 [pool-1-thread-2] INFO  o.a.r.AndroidRClassFinder:44 - Found Android class: android.R
11:25:35.820 [pool-1-thread-2] INFO  o.a.p.ModelValidator:42 - Validating elements
11:25:35.821 [pool-1-thread-2] DEBUG o.a.p.ModelValidator:62 - Validating with EActivityHandler: [com.fei_ke.AndroidHook.ui.activity.MainActivity]
11:25:35.824 [pool-1-thread-2] DEBUG o.a.p.ModelValidator:62 - Validating with ViewByIdHandler: [listView]
11:25:35.835 [pool-1-thread-2] INFO  o.a.p.ModelProcessor:73 - Processing root elements
11:25:35.836 [pool-1-thread-2] DEBUG o.a.p.ModelProcessor:80 - Processing root elements EActivityHandler: [com.fei_ke.AndroidHook.ui.activity.MainActivity]
11:25:35.864 [pool-1-thread-2] INFO  o.a.p.ModelProcessor:104 - Processing enclosed elements
11:25:35.865 [pool-1-thread-2] DEBUG o.a.p.ModelProcessor:116 - Processing enclosed elements with AfterViewsHandler: [org.androidannotations.model.AnnotationElements$AnnotatedAndRootElements@6b075908]
11:25:35.866 [pool-1-thread-2] INFO  o.a.AndroidAnnotationProcessor:259 - Number of files generated by AndroidAnnotations: 1
11:25:35.868 [pool-1-thread-2] INFO  o.a.g.ApiCodeGenerator:52 - Writting following API classes in project: []
11:25:35.869 [pool-1-thread-2] DEBUG o.a.g.SourceCodewriter:55 - Generating class: com.fei_ke.AndroidHook.ui.activity.MainActivity_
11:25:35.885 [pool-1-thread-2] INFO  o.a.p.TimeStats:81 - Time measurements: [Whole Processing = 107 ms], [Process Annotations = 37 ms], [Find R Classes = 28 ms], [Generate Sources = 18 ms], [Validate Annotations = 9 ms], [Extract Manifest = 6 ms], [Extract Annotations = 2 ms], 
11:25:35.885 [pool-1-thread-2] INFO  o.a.AndroidAnnotationProcessor:131 - Finish processing
11:25:49.50 [pool-1-thread-2] INFO  o.a.AndroidAnnotationProcessor:86 - Initialize AndroidAnnotationProcessor with options {}
11:25:49.119 [pool-1-thread-2] INFO  o.a.AndroidAnnotationProcessor:117 - Start processing for 2 annotations on 1 elements
11:25:49.123 [pool-1-thread-2] DEBUG o.a.h.AndroidManifestFinder:137 - AndroidManifest.xml file found in parent folder D:\FEi\git\AndroidHook\AndroidHook: D:\FEi\git\AndroidHook\AndroidHook\AndroidManifest.xml
11:25:49.127 [pool-1-thread-2] INFO  o.a.AndroidAnnotationProcessor:180 - AndroidManifest.xml found: AndroidManifest [applicationPackage=com.fei_ke.AndroidHook, componentQualifiedNames=[com.fei_ke.AndroidHook.ui.activity.MainActivity_, com.fei_ke.AndroidHook.ui.activity.EditActivity_], permissionQualifiedNames=[], applicationClassName=com.fei_ke.AndroidHook.BaseApplication, libraryProject=false, debugabble=false, minSdkVersion=14, maxSdkVersion=-1, targetSdkVersion=19]
11:25:49.127 [pool-1-thread-2] INFO  o.a.r.ProjectRClassFinder:48 - Found project R class: com.fei_ke.AndroidHook.R
11:25:49.131 [pool-1-thread-2] INFO  o.a.r.AndroidRClassFinder:44 - Found Android class: android.R
11:25:49.161 [pool-1-thread-2] INFO  o.a.p.ModelValidator:42 - Validating elements
11:25:49.162 [pool-1-thread-2] DEBUG o.a.p.ModelValidator:62 - Validating with EActivityHandler: [com.fei_ke.AndroidHook.ui.activity.MainActivity]
11:25:49.165 [pool-1-thread-2] DEBUG o.a.p.ModelValidator:62 - Validating with ViewByIdHandler: [listView]
11:25:49.177 [pool-1-thread-2] INFO  o.a.p.ModelProcessor:73 - Processing root elements
11:25:49.177 [pool-1-thread-2] DEBUG o.a.p.ModelProcessor:80 - Processing root elements EActivityHandler: [com.fei_ke.AndroidHook.ui.activity.MainActivity]
11:25:49.207 [pool-1-thread-2] INFO  o.a.p.ModelProcessor:104 - Processing enclosed elements
11:25:49.208 [pool-1-thread-2] DEBUG o.a.p.ModelProcessor:116 - Processing enclosed elements with AfterViewsHandler: [org.androidannotations.model.AnnotationElements$AnnotatedAndRootElements@56b197dd]
11:25:49.208 [pool-1-thread-2] INFO  o.a.AndroidAnnotationProcessor:259 - Number of files generated by AndroidAnnotations: 1
11:25:49.210 [pool-1-thread-2] INFO  o.a.g.ApiCodeGenerator:52 - Writting following API classes in project: []
11:25:49.211 [pool-1-thread-2] DEBUG o.a.g.SourceCodewriter:55 - Generating class: com.fei_ke.AndroidHook.ui.activity.MainActivity_
11:25:49.227 [pool-1-thread-2] INFO  o.a.p.TimeStats:81 - Time measurements: [Whole Processing = 108 ms], [Process Annotations = 39 ms], [Find R Classes = 27 ms], [Generate Sources = 19 ms], [Validate Annotations = 8 ms], [Extract Manifest = 5 ms], [Extract Annotations = 3 ms], 
11:25:49.227 [pool-1-thread-2] INFO  o.a.AndroidAnnotationProcessor:131 - Finish processing
11:26:29.484 [pool-1-thread-2] INFO  o.a.AndroidAnnotationProcessor:86 - Initialize AndroidAnnotationProcessor with options {}
11:26:29.553 [pool-1-thread-2] INFO  o.a.AndroidAnnotationProcessor:117 - Start processing for 2 annotations on 1 elements
11:26:29.558 [pool-1-thread-2] DEBUG o.a.h.AndroidManifestFinder:137 - AndroidManifest.xml file found in parent folder D:\FEi\git\AndroidHook\AndroidHook: D:\FEi\git\AndroidHook\AndroidHook\AndroidManifest.xml
11:26:29.562 [pool-1-thread-2] INFO  o.a.AndroidAnnotationProcessor:180 - AndroidManifest.xml found: AndroidManifest [applicationPackage=com.fei_ke.AndroidHook, componentQualifiedNames=[com.fei_ke.AndroidHook.ui.activity.MainActivity_, com.fei_ke.AndroidHook.ui.activity.EditActivity_], permissionQualifiedNames=[], applicationClassName=com.fei_ke.AndroidHook.BaseApplication, libraryProject=false, debugabble=false, minSdkVersion=14, maxSdkVersion=-1, targetSdkVersion=19]
11:26:29.563 [pool-1-thread-2] INFO  o.a.r.ProjectRClassFinder:48 - Found project R class: com.fei_ke.AndroidHook.R
11:26:29.566 [pool-1-thread-2] INFO  o.a.r.AndroidRClassFinder:44 - Found Android class: android.R
11:26:29.598 [pool-1-thread-2] INFO  o.a.p.ModelValidator:42 - Validating elements
11:26:29.598 [pool-1-thread-2] DEBUG o.a.p.ModelValidator:62 - Validating with EActivityHandler: [com.fei_ke.AndroidHook.ui.activity.MainActivity]
11:26:29.602 [pool-1-thread-2] DEBUG o.a.p.ModelValidator:62 - Validating with ViewByIdHandler: [listView]
11:26:29.613 [pool-1-thread-2] INFO  o.a.p.ModelProcessor:73 - Processing root elements
11:26:29.613 [pool-1-thread-2] DEBUG o.a.p.ModelProcessor:80 - Processing root elements EActivityHandler: [com.fei_ke.AndroidHook.ui.activity.MainActivity]
11:26:29.640 [pool-1-thread-2] INFO  o.a.p.ModelProcessor:104 - Processing enclosed elements
11:26:29.641 [pool-1-thread-2] DEBUG o.a.p.ModelProcessor:116 - Processing enclosed elements with AfterViewsHandler: [org.androidannotations.model.AnnotationElements$AnnotatedAndRootElements@1cc9c055]
11:26:29.642 [pool-1-thread-2] INFO  o.a.AndroidAnnotationProcessor:259 - Number of files generated by AndroidAnnotations: 1
11:26:29.643 [pool-1-thread-2] INFO  o.a.g.ApiCodeGenerator:52 - Writting following API classes in project: []
11:26:29.644 [pool-1-thread-2] DEBUG o.a.g.SourceCodewriter:55 - Generating class: com.fei_ke.AndroidHook.ui.activity.MainActivity_
11:26:29.661 [pool-1-thread-2] INFO  o.a.p.TimeStats:81 - Time measurements: [Whole Processing = 108 ms], [Process Annotations = 35 ms], [Find R Classes = 29 ms], [Generate Sources = 20 ms], [Validate Annotations = 9 ms], [Extract Manifest = 5 ms], [Extract Annotations = 2 ms], 
11:26:29.662 [pool-1-thread-2] INFO  o.a.AndroidAnnotationProcessor:131 - Finish processing
11:27:24.486 [pool-1-thread-2] INFO  o.a.AndroidAnnotationProcessor:86 - Initialize AndroidAnnotationProcessor with options {}
11:27:24.549 [pool-1-thread-2] INFO  o.a.AndroidAnnotationProcessor:117 - Start processing for 2 annotations on 1 elements
11:27:24.554 [pool-1-thread-2] DEBUG o.a.h.AndroidManifestFinder:137 - AndroidManifest.xml file found in parent folder D:\FEi\git\AndroidHook\AndroidHook: D:\FEi\git\AndroidHook\AndroidHook\AndroidManifest.xml
11:27:24.559 [pool-1-thread-2] INFO  o.a.AndroidAnnotationProcessor:180 - AndroidManifest.xml found: AndroidManifest [applicationPackage=com.fei_ke.AndroidHook, componentQualifiedNames=[com.fei_ke.AndroidHook.ui.activity.MainActivity_, com.fei_ke.AndroidHook.ui.activity.EditActivity_], permissionQualifiedNames=[], applicationClassName=com.fei_ke.AndroidHook.BaseApplication, libraryProject=false, debugabble=false, minSdkVersion=14, maxSdkVersion=-1, targetSdkVersion=19]
11:27:24.560 [pool-1-thread-2] INFO  o.a.r.ProjectRClassFinder:48 - Found project R class: com.fei_ke.AndroidHook.R
11:27:24.563 [pool-1-thread-2] INFO  o.a.r.AndroidRClassFinder:44 - Found Android class: android.R
11:27:24.593 [pool-1-thread-2] INFO  o.a.p.ModelValidator:42 - Validating elements
11:27:24.593 [pool-1-thread-2] DEBUG o.a.p.ModelValidator:62 - Validating with EActivityHandler: [com.fei_ke.AndroidHook.ui.activity.MainActivity]
11:27:24.597 [pool-1-thread-2] DEBUG o.a.p.ModelValidator:62 - Validating with ViewByIdHandler: [listView]
11:27:24.612 [pool-1-thread-2] INFO  o.a.p.ModelProcessor:73 - Processing root elements
11:27:24.612 [pool-1-thread-2] DEBUG o.a.p.ModelProcessor:80 - Processing root elements EActivityHandler: [com.fei_ke.AndroidHook.ui.activity.MainActivity]
11:27:24.640 [pool-1-thread-2] INFO  o.a.p.ModelProcessor:104 - Processing enclosed elements
11:27:24.641 [pool-1-thread-2] DEBUG o.a.p.ModelProcessor:116 - Processing enclosed elements with AfterViewsHandler: [org.androidannotations.model.AnnotationElements$AnnotatedAndRootElements@3e2f0f4e]
11:27:24.641 [pool-1-thread-2] INFO  o.a.AndroidAnnotationProcessor:259 - Number of files generated by AndroidAnnotations: 1
11:27:24.643 [pool-1-thread-2] INFO  o.a.g.ApiCodeGenerator:52 - Writting following API classes in project: []
11:27:24.644 [pool-1-thread-2] DEBUG o.a.g.SourceCodewriter:55 - Generating class: com.fei_ke.AndroidHook.ui.activity.MainActivity_
11:27:24.660 [pool-1-thread-2] INFO  o.a.p.TimeStats:81 - Time measurements: [Whole Processing = 111 ms], [Process Annotations = 40 ms], [Find R Classes = 27 ms], [Generate Sources = 19 ms], [Validate Annotations = 9 ms], [Extract Manifest = 6 ms], [Extract Annotations = 3 ms], 
11:27:24.661 [pool-1-thread-2] INFO  o.a.AndroidAnnotationProcessor:131 - Finish processing
11:35:30.347 [pool-1-thread-2] INFO  o.a.AndroidAnnotationProcessor:86 - Initialize AndroidAnnotationProcessor with options {}
11:35:30.412 [pool-1-thread-2] INFO  o.a.AndroidAnnotationProcessor:117 - Start processing for 2 annotations on 1 elements
11:35:30.416 [pool-1-thread-2] DEBUG o.a.h.AndroidManifestFinder:137 - AndroidManifest.xml file found in parent folder D:\FEi\git\AndroidHook\AndroidHook: D:\FEi\git\AndroidHook\AndroidHook\AndroidManifest.xml
11:35:30.420 [pool-1-thread-2] INFO  o.a.AndroidAnnotationProcessor:180 - AndroidManifest.xml found: AndroidManifest [applicationPackage=com.fei_ke.AndroidHook, componentQualifiedNames=[com.fei_ke.AndroidHook.ui.activity.MainActivity_, com.fei_ke.AndroidHook.ui.activity.EditActivity_], permissionQualifiedNames=[], applicationClassName=com.fei_ke.AndroidHook.BaseApplication, libraryProject=false, debugabble=false, minSdkVersion=14, maxSdkVersion=-1, targetSdkVersion=19]
11:35:30.420 [pool-1-thread-2] INFO  o.a.r.ProjectRClassFinder:48 - Found project R class: com.fei_ke.AndroidHook.R
11:35:30.424 [pool-1-thread-2] INFO  o.a.r.AndroidRClassFinder:44 - Found Android class: android.R
11:35:30.454 [pool-1-thread-2] INFO  o.a.p.ModelValidator:42 - Validating elements
11:35:30.454 [pool-1-thread-2] DEBUG o.a.p.ModelValidator:62 - Validating with EActivityHandler: [com.fei_ke.AndroidHook.ui.activity.MainActivity]
11:35:30.458 [pool-1-thread-2] DEBUG o.a.p.ModelValidator:62 - Validating with ViewByIdHandler: [listView]
11:35:30.469 [pool-1-thread-2] INFO  o.a.p.ModelProcessor:73 - Processing root elements
11:35:30.469 [pool-1-thread-2] DEBUG o.a.p.ModelProcessor:80 - Processing root elements EActivityHandler: [com.fei_ke.AndroidHook.ui.activity.MainActivity]
11:35:30.496 [pool-1-thread-2] INFO  o.a.p.ModelProcessor:104 - Processing enclosed elements
11:35:30.497 [pool-1-thread-2] DEBUG o.a.p.ModelProcessor:116 - Processing enclosed elements with AfterViewsHandler: [org.androidannotations.model.AnnotationElements$AnnotatedAndRootElements@73c3e130]
11:35:30.498 [pool-1-thread-2] INFO  o.a.AndroidAnnotationProcessor:259 - Number of files generated by AndroidAnnotations: 1
11:35:30.499 [pool-1-thread-2] INFO  o.a.g.ApiCodeGenerator:52 - Writting following API classes in project: []
11:35:30.500 [pool-1-thread-2] DEBUG o.a.g.SourceCodewriter:55 - Generating class: com.fei_ke.AndroidHook.ui.activity.MainActivity_
11:35:30.516 [pool-1-thread-2] INFO  o.a.p.TimeStats:81 - Time measurements: [Whole Processing = 104 ms], [Process Annotations = 36 ms], [Find R Classes = 28 ms], [Generate Sources = 18 ms], [Validate Annotations = 8 ms], [Extract Manifest = 5 ms], [Extract Annotations = 2 ms], 
11:35:30.516 [pool-1-thread-2] INFO  o.a.AndroidAnnotationProcessor:131 - Finish processing
11:37:56.475 [pool-1-thread-2] INFO  o.a.AndroidAnnotationProcessor:86 - Initialize AndroidAnnotationProcessor with options {}
11:37:56.538 [pool-1-thread-2] INFO  o.a.AndroidAnnotationProcessor:117 - Start processing for 2 annotations on 1 elements
11:37:56.542 [pool-1-thread-2] DEBUG o.a.h.AndroidManifestFinder:137 - AndroidManifest.xml file found in parent folder D:\FEi\git\AndroidHook\AndroidHook: D:\FEi\git\AndroidHook\AndroidHook\AndroidManifest.xml
11:37:56.547 [pool-1-thread-2] INFO  o.a.AndroidAnnotationProcessor:180 - AndroidManifest.xml found: AndroidManifest [applicationPackage=com.fei_ke.AndroidHook, componentQualifiedNames=[com.fei_ke.AndroidHook.ui.activity.MainActivity_, com.fei_ke.AndroidHook.ui.activity.EditActivity_], permissionQualifiedNames=[], applicationClassName=com.fei_ke.AndroidHook.BaseApplication, libraryProject=false, debugabble=false, minSdkVersion=14, maxSdkVersion=-1, targetSdkVersion=19]
11:37:56.547 [pool-1-thread-2] INFO  o.a.r.ProjectRClassFinder:48 - Found project R class: com.fei_ke.AndroidHook.R
11:37:56.551 [pool-1-thread-2] INFO  o.a.r.AndroidRClassFinder:44 - Found Android class: android.R
11:37:56.581 [pool-1-thread-2] INFO  o.a.p.ModelValidator:42 - Validating elements
11:37:56.581 [pool-1-thread-2] DEBUG o.a.p.ModelValidator:62 - Validating with EActivityHandler: [com.fei_ke.AndroidHook.ui.activity.MainActivity]
11:37:56.585 [pool-1-thread-2] DEBUG o.a.p.ModelValidator:62 - Validating with ViewByIdHandler: [listView]
11:37:56.596 [pool-1-thread-2] INFO  o.a.p.ModelProcessor:73 - Processing root elements
11:37:56.596 [pool-1-thread-2] DEBUG o.a.p.ModelProcessor:80 - Processing root elements EActivityHandler: [com.fei_ke.AndroidHook.ui.activity.MainActivity]
11:37:56.625 [pool-1-thread-2] INFO  o.a.p.ModelProcessor:104 - Processing enclosed elements
11:37:56.626 [pool-1-thread-2] DEBUG o.a.p.ModelProcessor:116 - Processing enclosed elements with AfterViewsHandler: [org.androidannotations.model.AnnotationElements$AnnotatedAndRootElements@2d15aeee]
11:37:56.626 [pool-1-thread-2] INFO  o.a.AndroidAnnotationProcessor:259 - Number of files generated by AndroidAnnotations: 1
11:37:56.628 [pool-1-thread-2] INFO  o.a.g.ApiCodeGenerator:52 - Writting following API classes in project: []
11:37:56.629 [pool-1-thread-2] DEBUG o.a.g.SourceCodewriter:55 - Generating class: com.fei_ke.AndroidHook.ui.activity.MainActivity_
11:37:56.645 [pool-1-thread-2] INFO  o.a.p.TimeStats:81 - Time measurements: [Whole Processing = 106 ms], [Process Annotations = 37 ms], [Find R Classes = 27 ms], [Generate Sources = 18 ms], [Validate Annotations = 9 ms], [Extract Manifest = 6 ms], [Extract Annotations = 3 ms], 
11:37:56.645 [pool-1-thread-2] INFO  o.a.AndroidAnnotationProcessor:131 - Finish processing
11:39:13.764 [pool-1-thread-2] INFO  o.a.AndroidAnnotationProcessor:86 - Initialize AndroidAnnotationProcessor with options {}
11:39:13.828 [pool-1-thread-2] INFO  o.a.AndroidAnnotationProcessor:117 - Start processing for 2 annotations on 1 elements
11:39:13.833 [pool-1-thread-2] DEBUG o.a.h.AndroidManifestFinder:137 - AndroidManifest.xml file found in parent folder D:\FEi\git\AndroidHook\AndroidHook: D:\FEi\git\AndroidHook\AndroidHook\AndroidManifest.xml
11:39:13.838 [pool-1-thread-2] INFO  o.a.AndroidAnnotationProcessor:180 - AndroidManifest.xml found: AndroidManifest [applicationPackage=com.fei_ke.AndroidHook, componentQualifiedNames=[com.fei_ke.AndroidHook.ui.activity.MainActivity_, com.fei_ke.AndroidHook.ui.activity.EditActivity_], permissionQualifiedNames=[], applicationClassName=com.fei_ke.AndroidHook.BaseApplication, libraryProject=false, debugabble=false, minSdkVersion=14, maxSdkVersion=-1, targetSdkVersion=19]
11:39:13.839 [pool-1-thread-2] INFO  o.a.r.ProjectRClassFinder:48 - Found project R class: com.fei_ke.AndroidHook.R
11:39:13.843 [pool-1-thread-2] INFO  o.a.r.AndroidRClassFinder:44 - Found Android class: android.R
11:39:13.875 [pool-1-thread-2] INFO  o.a.p.ModelValidator:42 - Validating elements
11:39:13.875 [pool-1-thread-2] DEBUG o.a.p.ModelValidator:62 - Validating with EActivityHandler: [com.fei_ke.AndroidHook.ui.activity.MainActivity]
11:39:13.879 [pool-1-thread-2] DEBUG o.a.p.ModelValidator:62 - Validating with ViewByIdHandler: [listView]
11:39:13.891 [pool-1-thread-2] INFO  o.a.p.ModelProcessor:73 - Processing root elements
11:39:13.892 [pool-1-thread-2] DEBUG o.a.p.ModelProcessor:80 - Processing root elements EActivityHandler: [com.fei_ke.AndroidHook.ui.activity.MainActivity]
11:39:13.926 [pool-1-thread-2] INFO  o.a.p.ModelProcessor:104 - Processing enclosed elements
11:39:13.928 [pool-1-thread-2] DEBUG o.a.p.ModelProcessor:116 - Processing enclosed elements with AfterViewsHandler: [org.androidannotations.model.AnnotationElements$AnnotatedAndRootElements@185348ac]
11:39:13.928 [pool-1-thread-2] INFO  o.a.AndroidAnnotationProcessor:259 - Number of files generated by AndroidAnnotations: 1
11:39:13.930 [pool-1-thread-2] INFO  o.a.g.ApiCodeGenerator:52 - Writting following API classes in project: []
11:39:13.931 [pool-1-thread-2] DEBUG o.a.g.SourceCodewriter:55 - Generating class: com.fei_ke.AndroidHook.ui.activity.MainActivity_
11:39:13.948 [pool-1-thread-2] INFO  o.a.p.TimeStats:81 - Time measurements: [Whole Processing = 120 ms], [Process Annotations = 44 ms], [Find R Classes = 30 ms], [Generate Sources = 20 ms], [Validate Annotations = 9 ms], [Extract Manifest = 6 ms], [Extract Annotations = 4 ms], 
11:39:13.948 [pool-1-thread-2] INFO  o.a.AndroidAnnotationProcessor:131 - Finish processing
11:43:47.91 [pool-1-thread-2] INFO  o.a.AndroidAnnotationProcessor:86 - Initialize AndroidAnnotationProcessor with options {}
11:43:47.154 [pool-1-thread-2] INFO  o.a.AndroidAnnotationProcessor:117 - Start processing for 2 annotations on 1 elements
11:43:47.158 [pool-1-thread-2] DEBUG o.a.h.AndroidManifestFinder:137 - AndroidManifest.xml file found in parent folder D:\FEi\git\AndroidHook\AndroidHook: D:\FEi\git\AndroidHook\AndroidHook\AndroidManifest.xml
11:43:47.163 [pool-1-thread-2] INFO  o.a.AndroidAnnotationProcessor:180 - AndroidManifest.xml found: AndroidManifest [applicationPackage=com.fei_ke.AndroidHook, componentQualifiedNames=[com.fei_ke.AndroidHook.ui.activity.MainActivity_, com.fei_ke.AndroidHook.ui.activity.EditActivity_], permissionQualifiedNames=[android.permission.SYSTEM_ALERT_WINDOW], applicationClassName=com.fei_ke.AndroidHook.BaseApplication, libraryProject=false, debugabble=false, minSdkVersion=14, maxSdkVersion=-1, targetSdkVersion=19]
11:43:47.163 [pool-1-thread-2] INFO  o.a.r.ProjectRClassFinder:48 - Found project R class: com.fei_ke.AndroidHook.R
11:43:47.168 [pool-1-thread-2] INFO  o.a.r.AndroidRClassFinder:44 - Found Android class: android.R
11:43:47.199 [pool-1-thread-2] INFO  o.a.p.ModelValidator:42 - Validating elements
11:43:47.199 [pool-1-thread-2] DEBUG o.a.p.ModelValidator:62 - Validating with EActivityHandler: [com.fei_ke.AndroidHook.ui.activity.MainActivity]
11:43:47.203 [pool-1-thread-2] DEBUG o.a.p.ModelValidator:62 - Validating with ViewByIdHandler: [listView]
11:43:47.214 [pool-1-thread-2] INFO  o.a.p.ModelProcessor:73 - Processing root elements
11:43:47.214 [pool-1-thread-2] DEBUG o.a.p.ModelProcessor:80 - Processing root elements EActivityHandler: [com.fei_ke.AndroidHook.ui.activity.MainActivity]
11:43:47.241 [pool-1-thread-2] INFO  o.a.p.ModelProcessor:104 - Processing enclosed elements
11:43:47.242 [pool-1-thread-2] DEBUG o.a.p.ModelProcessor:116 - Processing enclosed elements with AfterViewsHandler: [org.androidannotations.model.AnnotationElements$AnnotatedAndRootElements@30a1feba]
11:43:47.243 [pool-1-thread-2] INFO  o.a.AndroidAnnotationProcessor:259 - Number of files generated by AndroidAnnotations: 1
11:43:47.244 [pool-1-thread-2] INFO  o.a.g.ApiCodeGenerator:52 - Writting following API classes in project: []
11:43:47.245 [pool-1-thread-2] DEBUG o.a.g.SourceCodewriter:55 - Generating class: com.fei_ke.AndroidHook.ui.activity.MainActivity_
11:43:47.262 [pool-1-thread-2] INFO  o.a.p.TimeStats:81 - Time measurements: [Whole Processing = 107 ms], [Process Annotations = 36 ms], [Find R Classes = 29 ms], [Generate Sources = 18 ms], [Validate Annotations = 8 ms], [Extract Manifest = 6 ms], [Extract Annotations = 3 ms], 
11:43:47.262 [pool-1-thread-2] INFO  o.a.AndroidAnnotationProcessor:131 - Finish processing
11:45:41.807 [pool-1-thread-2] INFO  o.a.AndroidAnnotationProcessor:86 - Initialize AndroidAnnotationProcessor with options {}
11:45:41.870 [pool-1-thread-2] INFO  o.a.AndroidAnnotationProcessor:117 - Start processing for 2 annotations on 1 elements
11:45:41.874 [pool-1-thread-2] DEBUG o.a.h.AndroidManifestFinder:137 - AndroidManifest.xml file found in parent folder D:\FEi\git\AndroidHook\AndroidHook: D:\FEi\git\AndroidHook\AndroidHook\AndroidManifest.xml
11:45:41.880 [pool-1-thread-2] INFO  o.a.AndroidAnnotationProcessor:180 - AndroidManifest.xml found: AndroidManifest [applicationPackage=com.fei_ke.AndroidHook, componentQualifiedNames=[com.fei_ke.AndroidHook.ui.activity.MainActivity_, com.fei_ke.AndroidHook.ui.activity.EditActivity_], permissionQualifiedNames=[], applicationClassName=com.fei_ke.AndroidHook.BaseApplication, libraryProject=false, debugabble=false, minSdkVersion=14, maxSdkVersion=-1, targetSdkVersion=19]
11:45:41.880 [pool-1-thread-2] INFO  o.a.r.ProjectRClassFinder:48 - Found project R class: com.fei_ke.AndroidHook.R
11:45:41.884 [pool-1-thread-2] INFO  o.a.r.AndroidRClassFinder:44 - Found Android class: android.R
11:45:41.914 [pool-1-thread-2] INFO  o.a.p.ModelValidator:42 - Validating elements
11:45:41.914 [pool-1-thread-2] DEBUG o.a.p.ModelValidator:62 - Validating with EActivityHandler: [com.fei_ke.AndroidHook.ui.activity.MainActivity]
11:45:41.918 [pool-1-thread-2] DEBUG o.a.p.ModelValidator:62 - Validating with ViewByIdHandler: [listView]
11:45:41.929 [pool-1-thread-2] INFO  o.a.p.ModelProcessor:73 - Processing root elements
11:45:41.930 [pool-1-thread-2] DEBUG o.a.p.ModelProcessor:80 - Processing root elements EActivityHandler: [com.fei_ke.AndroidHook.ui.activity.MainActivity]
11:45:41.956 [pool-1-thread-2] INFO  o.a.p.ModelProcessor:104 - Processing enclosed elements
11:45:41.957 [pool-1-thread-2] DEBUG o.a.p.ModelProcessor:116 - Processing enclosed elements with AfterViewsHandler: [org.androidannotations.model.AnnotationElements$AnnotatedAndRootElements@47d98172]
11:45:41.958 [pool-1-thread-2] INFO  o.a.AndroidAnnotationProcessor:259 - Number of files generated by AndroidAnnotations: 1
11:45:41.959 [pool-1-thread-2] INFO  o.a.g.ApiCodeGenerator:52 - Writting following API classes in project: []
11:45:41.961 [pool-1-thread-2] DEBUG o.a.g.SourceCodewriter:55 - Generating class: com.fei_ke.AndroidHook.ui.activity.MainActivity_
11:45:41.977 [pool-1-thread-2] INFO  o.a.p.TimeStats:81 - Time measurements: [Whole Processing = 107 ms], [Process Annotations = 36 ms], [Find R Classes = 27 ms], [Generate Sources = 19 ms], [Validate Annotations = 8 ms], [Extract Manifest = 6 ms], [Extract Annotations = 2 ms], 
11:45:41.977 [pool-1-thread-2] INFO  o.a.AndroidAnnotationProcessor:131 - Finish processing
12:13:04.477 [pool-1-thread-2] INFO  o.a.AndroidAnnotationProcessor:86 - Initialize AndroidAnnotationProcessor with options {}
12:13:04.539 [pool-1-thread-2] INFO  o.a.AndroidAnnotationProcessor:117 - Start processing for 2 annotations on 2 elements
12:13:04.543 [pool-1-thread-2] DEBUG o.a.h.AndroidManifestFinder:137 - AndroidManifest.xml file found in parent folder D:\FEi\git\AndroidHook\AndroidHook: D:\FEi\git\AndroidHook\AndroidHook\AndroidManifest.xml
12:13:04.547 [pool-1-thread-2] INFO  o.a.AndroidAnnotationProcessor:180 - AndroidManifest.xml found: AndroidManifest [applicationPackage=com.fei_ke.AndroidHook, componentQualifiedNames=[com.fei_ke.AndroidHook.ui.activity.MainActivity_, com.fei_ke.AndroidHook.ui.activity.EditActivity_], permissionQualifiedNames=[], applicationClassName=com.fei_ke.AndroidHook.BaseApplication, libraryProject=false, debugabble=false, minSdkVersion=14, maxSdkVersion=-1, targetSdkVersion=19]
12:13:04.548 [pool-1-thread-2] INFO  o.a.r.ProjectRClassFinder:48 - Found project R class: com.fei_ke.AndroidHook.R
12:13:04.551 [pool-1-thread-2] INFO  o.a.r.AndroidRClassFinder:44 - Found Android class: android.R
12:13:04.577 [pool-1-thread-2] INFO  o.a.p.ModelValidator:42 - Validating elements
12:13:04.577 [pool-1-thread-2] DEBUG o.a.p.ModelValidator:62 - Validating with EActivityHandler: [com.fei_ke.AndroidHook.ui.activity.MainActivity]
12:13:04.581 [pool-1-thread-2] DEBUG o.a.p.ModelValidator:62 - Validating with ViewByIdHandler: [listView]
12:13:04.593 [pool-1-thread-2] INFO  o.a.p.ModelProcessor:73 - Processing root elements
12:13:04.594 [pool-1-thread-2] DEBUG o.a.p.ModelProcessor:80 - Processing root elements EActivityHandler: [com.fei_ke.AndroidHook.ui.activity.MainActivity]
12:13:04.621 [pool-1-thread-2] INFO  o.a.p.ModelProcessor:104 - Processing enclosed elements
12:13:04.622 [pool-1-thread-2] DEBUG o.a.p.ModelProcessor:116 - Processing enclosed elements with AfterViewsHandler: [org.androidannotations.model.AnnotationElements$AnnotatedAndRootElements@255c8601]
12:13:04.622 [pool-1-thread-2] INFO  o.a.AndroidAnnotationProcessor:259 - Number of files generated by AndroidAnnotations: 1
12:13:04.624 [pool-1-thread-2] INFO  o.a.g.ApiCodeGenerator:52 - Writting following API classes in project: []
12:13:04.625 [pool-1-thread-2] DEBUG o.a.g.SourceCodewriter:55 - Generating class: com.fei_ke.AndroidHook.ui.activity.MainActivity_
12:13:04.640 [pool-1-thread-2] INFO  o.a.p.TimeStats:81 - Time measurements: [Whole Processing = 101 ms], [Process Annotations = 36 ms], [Find R Classes = 23 ms], [Generate Sources = 18 ms], [Validate Annotations = 10 ms], [Extract Manifest = 5 ms], [Extract Annotations = 3 ms], 
12:13:04.640 [pool-1-thread-2] INFO  o.a.AndroidAnnotationProcessor:131 - Finish processing
13:05:33.165 [pool-1-thread-2] INFO  o.a.AndroidAnnotationProcessor:86 - Initialize AndroidAnnotationProcessor with options {}
14:18:41.982 [pool-1-thread-2] INFO  o.a.AndroidAnnotationProcessor:86 - Initialize AndroidAnnotationProcessor with options {}
14:18:42.56 [pool-1-thread-2] INFO  o.a.AndroidAnnotationProcessor:117 - Start processing for 3 annotations on 2 elements
14:18:42.62 [pool-1-thread-2] DEBUG o.a.h.AndroidManifestFinder:137 - AndroidManifest.xml file found in parent folder D:\FEi\git\AndroidHook\AndroidHook: D:\FEi\git\AndroidHook\AndroidHook\AndroidManifest.xml
14:18:42.69 [pool-1-thread-2] INFO  o.a.AndroidAnnotationProcessor:180 - AndroidManifest.xml found: AndroidManifest [applicationPackage=com.fei_ke.AndroidHook, componentQualifiedNames=[com.fei_ke.AndroidHook.ui.activity.MainActivity_, com.fei_ke.AndroidHook.ui.activity.EditActivity_], permissionQualifiedNames=[], applicationClassName=com.fei_ke.AndroidHook.BaseApplication, libraryProject=false, debugabble=false, minSdkVersion=14, maxSdkVersion=-1, targetSdkVersion=19]
14:18:42.70 [pool-1-thread-2] INFO  o.a.r.ProjectRClassFinder:48 - Found project R class: com.fei_ke.AndroidHook.R
14:18:42.73 [pool-1-thread-2] INFO  o.a.r.AndroidRClassFinder:44 - Found Android class: android.R
14:18:42.105 [pool-1-thread-2] INFO  o.a.p.ModelValidator:42 - Validating elements
14:18:42.106 [pool-1-thread-2] DEBUG o.a.p.ModelValidator:62 - Validating with EFragmentHandler: [com.fei_ke.AndroidHook.ui.fragment.EditFragment]
14:18:42.110 [pool-1-thread-2] DEBUG o.a.p.ModelValidator:62 - Validating with ViewByIdHandler: [editAliasName, editPackageName, editClassName, editMethodName, editParaType, spinnerReturnType]
14:18:42.122 [pool-1-thread-2] DEBUG o.a.p.ModelValidator:62 - Validating with FragmentArgHandler: [hookEntity]
14:18:42.130 [pool-1-thread-2] INFO  o.a.p.ModelProcessor:73 - Processing root elements
14:18:42.130 [pool-1-thread-2] DEBUG o.a.p.ModelProcessor:80 - Processing root elements EFragmentHandler: [com.fei_ke.AndroidHook.ui.fragment.EditFragment]
14:18:42.146 [pool-1-thread-2] INFO  o.a.p.ModelProcessor:104 - Processing enclosed elements
14:18:42.159 [pool-1-thread-2] DEBUG o.a.p.ModelProcessor:116 - Processing enclosed elements with AfterViewsHandler: [org.androidannotations.model.AnnotationElements$AnnotatedAndRootElements@78ac5ef4]
14:18:42.159 [pool-1-thread-2] INFO  o.a.AndroidAnnotationProcessor:259 - Number of files generated by AndroidAnnotations: 1
14:18:42.161 [pool-1-thread-2] INFO  o.a.g.ApiCodeGenerator:52 - Writting following API classes in project: []
14:18:42.162 [pool-1-thread-2] DEBUG o.a.g.SourceCodewriter:55 - Generating class: com.fei_ke.AndroidHook.ui.fragment.EditFragment_
14:18:42.179 [pool-1-thread-2] INFO  o.a.p.TimeStats:81 - Time measurements: [Whole Processing = 123 ms], [Process Annotations = 36 ms], [Find R Classes = 30 ms], [Generate Sources = 20 ms], [Validate Annotations = 18 ms], [Extract Manifest = 8 ms], [Extract Annotations = 3 ms], 
14:18:42.180 [pool-1-thread-2] INFO  o.a.AndroidAnnotationProcessor:131 - Finish processing
14:19:32.652 [pool-1-thread-2] INFO  o.a.AndroidAnnotationProcessor:86 - Initialize AndroidAnnotationProcessor with options {}
14:19:32.733 [pool-1-thread-2] INFO  o.a.AndroidAnnotationProcessor:117 - Start processing for 3 annotations on 1 elements
14:19:32.738 [pool-1-thread-2] DEBUG o.a.h.AndroidManifestFinder:137 - AndroidManifest.xml file found in parent folder D:\FEi\git\AndroidHook\AndroidHook: D:\FEi\git\AndroidHook\AndroidHook\AndroidManifest.xml
14:19:32.745 [pool-1-thread-2] INFO  o.a.AndroidAnnotationProcessor:180 - AndroidManifest.xml found: AndroidManifest [applicationPackage=com.fei_ke.AndroidHook, componentQualifiedNames=[com.fei_ke.AndroidHook.ui.activity.MainActivity_, com.fei_ke.AndroidHook.ui.activity.EditActivity_], permissionQualifiedNames=[], applicationClassName=com.fei_ke.AndroidHook.BaseApplication, libraryProject=false, debugabble=false, minSdkVersion=14, maxSdkVersion=-1, targetSdkVersion=19]
14:19:32.746 [pool-1-thread-2] INFO  o.a.r.ProjectRClassFinder:48 - Found project R class: com.fei_ke.AndroidHook.R
14:19:32.750 [pool-1-thread-2] INFO  o.a.r.AndroidRClassFinder:44 - Found Android class: android.R
14:19:32.784 [pool-1-thread-2] INFO  o.a.p.ModelValidator:42 - Validating elements
14:19:32.785 [pool-1-thread-2] DEBUG o.a.p.ModelValidator:62 - Validating with EFragmentHandler: [com.fei_ke.AndroidHook.ui.fragment.EditFragment]
14:19:32.788 [pool-1-thread-2] DEBUG o.a.p.ModelValidator:62 - Validating with ViewByIdHandler: [editAliasName, editPackageName, editClassName, editMethodName, editParaType, spinnerReturnType]
14:19:32.800 [pool-1-thread-2] DEBUG o.a.p.ModelValidator:62 - Validating with FragmentArgHandler: [hookEntity]
14:19:32.808 [pool-1-thread-2] INFO  o.a.p.ModelProcessor:73 - Processing root elements
14:19:32.808 [pool-1-thread-2] DEBUG o.a.p.ModelProcessor:80 - Processing root elements EFragmentHandler: [com.fei_ke.AndroidHook.ui.fragment.EditFragment]
14:19:32.823 [pool-1-thread-2] INFO  o.a.p.ModelProcessor:104 - Processing enclosed elements
14:19:32.835 [pool-1-thread-2] DEBUG o.a.p.ModelProcessor:116 - Processing enclosed elements with AfterViewsHandler: [org.androidannotations.model.AnnotationElements$AnnotatedAndRootElements@3394e7b0]
14:19:32.836 [pool-1-thread-2] INFO  o.a.AndroidAnnotationProcessor:259 - Number of files generated by AndroidAnnotations: 1
14:19:32.837 [pool-1-thread-2] INFO  o.a.g.ApiCodeGenerator:52 - Writting following API classes in project: []
14:19:32.839 [pool-1-thread-2] DEBUG o.a.g.SourceCodewriter:55 - Generating class: com.fei_ke.AndroidHook.ui.fragment.EditFragment_
14:19:32.855 [pool-1-thread-2] INFO  o.a.p.TimeStats:81 - Time measurements: [Whole Processing = 122 ms], [Process Annotations = 35 ms], [Find R Classes = 32 ms], [Generate Sources = 19 ms], [Validate Annotations = 17 ms], [Extract Manifest = 9 ms], [Extract Annotations = 3 ms], 
14:19:32.855 [pool-1-thread-2] INFO  o.a.AndroidAnnotationProcessor:131 - Finish processing
14:40:10.17 [pool-1-thread-2] INFO  o.a.AndroidAnnotationProcessor:86 - Initialize AndroidAnnotationProcessor with options {}
14:46:07.641 [pool-1-thread-2] INFO  o.a.AndroidAnnotationProcessor:86 - Initialize AndroidAnnotationProcessor with options {}
14:46:07.714 [pool-1-thread-2] INFO  o.a.AndroidAnnotationProcessor:117 - Start processing for 3 annotations on 2 elements
14:46:07.719 [pool-1-thread-2] DEBUG o.a.h.AndroidManifestFinder:137 - AndroidManifest.xml file found in parent folder D:\FEi\git\AndroidHook\AndroidHook: D:\FEi\git\AndroidHook\AndroidHook\AndroidManifest.xml
14:46:07.726 [pool-1-thread-2] INFO  o.a.AndroidAnnotationProcessor:180 - AndroidManifest.xml found: AndroidManifest [applicationPackage=com.fei_ke.AndroidHook, componentQualifiedNames=[com.fei_ke.AndroidHook.ui.activity.MainActivity_, com.fei_ke.AndroidHook.ui.activity.EditActivity_], permissionQualifiedNames=[], applicationClassName=com.fei_ke.AndroidHook.BaseApplication, libraryProject=false, debugabble=false, minSdkVersion=14, maxSdkVersion=-1, targetSdkVersion=19]
14:46:07.727 [pool-1-thread-2] INFO  o.a.r.ProjectRClassFinder:48 - Found project R class: com.fei_ke.AndroidHook.R
14:46:07.730 [pool-1-thread-2] INFO  o.a.r.AndroidRClassFinder:44 - Found Android class: android.R
14:46:07.762 [pool-1-thread-2] INFO  o.a.p.ModelValidator:42 - Validating elements
14:46:07.763 [pool-1-thread-2] DEBUG o.a.p.ModelValidator:62 - Validating with EFragmentHandler: [com.fei_ke.AndroidHook.ui.fragment.EditFragment]
14:46:07.766 [pool-1-thread-2] DEBUG o.a.p.ModelValidator:62 - Validating with ViewByIdHandler: [editAliasName, editPackageName, editClassName, editMethodName, editParaType, spinnerReturnType, spinnerHookType]
14:46:07.779 [pool-1-thread-2] DEBUG o.a.p.ModelValidator:62 - Validating with FragmentArgHandler: [hookEntity]
14:46:07.786 [pool-1-thread-2] INFO  o.a.p.ModelProcessor:73 - Processing root elements
14:46:07.787 [pool-1-thread-2] DEBUG o.a.p.ModelProcessor:80 - Processing root elements EFragmentHandler: [com.fei_ke.AndroidHook.ui.fragment.EditFragment]
14:46:07.802 [pool-1-thread-2] INFO  o.a.p.ModelProcessor:104 - Processing enclosed elements
14:46:07.814 [pool-1-thread-2] DEBUG o.a.p.ModelProcessor:116 - Processing enclosed elements with AfterViewsHandler: [org.androidannotations.model.AnnotationElements$AnnotatedAndRootElements@50d3608]
14:46:07.814 [pool-1-thread-2] INFO  o.a.AndroidAnnotationProcessor:259 - Number of files generated by AndroidAnnotations: 1
14:46:07.816 [pool-1-thread-2] INFO  o.a.g.ApiCodeGenerator:52 - Writting following API classes in project: []
14:46:07.817 [pool-1-thread-2] DEBUG o.a.g.SourceCodewriter:55 - Generating class: com.fei_ke.AndroidHook.ui.fragment.EditFragment_
14:46:07.834 [pool-1-thread-2] INFO  o.a.p.TimeStats:81 - Time measurements: [Whole Processing = 120 ms], [Process Annotations = 34 ms], [Find R Classes = 29 ms], [Generate Sources = 20 ms], [Validate Annotations = 18 ms], [Extract Manifest = 8 ms], [Extract Annotations = 3 ms], 
14:46:07.834 [pool-1-thread-2] INFO  o.a.AndroidAnnotationProcessor:131 - Finish processing
14:59:02.70 [pool-1-thread-2] INFO  o.a.AndroidAnnotationProcessor:86 - Initialize AndroidAnnotationProcessor with options {}
14:59:02.133 [pool-1-thread-2] INFO  o.a.AndroidAnnotationProcessor:117 - Start processing for 5 annotations on 5 elements
14:59:02.141 [pool-1-thread-2] DEBUG o.a.h.AndroidManifestFinder:137 - AndroidManifest.xml file found in parent folder D:\FEi\git\AndroidHook\AndroidHook: D:\FEi\git\AndroidHook\AndroidHook\AndroidManifest.xml
14:59:02.145 [pool-1-thread-2] INFO  o.a.AndroidAnnotationProcessor:180 - AndroidManifest.xml found: AndroidManifest [applicationPackage=com.fei_ke.AndroidHook, componentQualifiedNames=[com.fei_ke.AndroidHook.ui.activity.MainActivity_, com.fei_ke.AndroidHook.ui.activity.EditActivity_], permissionQualifiedNames=[], applicationClassName=com.fei_ke.AndroidHook.BaseApplication, libraryProject=false, debugabble=false, minSdkVersion=14, maxSdkVersion=-1, targetSdkVersion=19]
14:59:02.145 [pool-1-thread-2] INFO  o.a.r.ProjectRClassFinder:48 - Found project R class: com.fei_ke.AndroidHook.R
14:59:02.149 [pool-1-thread-2] INFO  o.a.r.AndroidRClassFinder:44 - Found Android class: android.R
14:59:02.173 [pool-1-thread-2] INFO  o.a.p.ModelValidator:42 - Validating elements
14:59:02.173 [pool-1-thread-2] DEBUG o.a.p.ModelValidator:62 - Validating with EActivityHandler: [com.fei_ke.AndroidHook.ui.activity.EditActivity]
14:59:02.176 [pool-1-thread-2] DEBUG o.a.p.ModelValidator:62 - Validating with EFragmentHandler: [com.fei_ke.AndroidHook.ui.fragment.EditFragment]
14:59:02.178 [pool-1-thread-2] DEBUG o.a.p.ModelValidator:62 - Validating with ViewByIdHandler: [editAliasName, editPackageName, editClassName, editMethodName, editParaType, spinnerReturnType, spinnerHookType]
14:59:02.189 [pool-1-thread-2] DEBUG o.a.p.ModelValidator:62 - Validating with ExtraHandler: [hookEntity]
14:59:02.189 [pool-1-thread-2] DEBUG o.a.p.ModelValidator:62 - Validating with FragmentArgHandler: [hookEntity]
14:59:02.198 [pool-1-thread-2] INFO  o.a.p.ModelProcessor:73 - Processing root elements
14:59:02.198 [pool-1-thread-2] DEBUG o.a.p.ModelProcessor:80 - Processing root elements EActivityHandler: [com.fei_ke.AndroidHook.ui.activity.EditActivity]
14:59:02.224 [pool-1-thread-2] DEBUG o.a.p.ModelProcessor:80 - Processing root elements EFragmentHandler: [com.fei_ke.AndroidHook.ui.fragment.EditFragment]
14:59:02.226 [pool-1-thread-2] INFO  o.a.p.ModelProcessor:104 - Processing enclosed elements
14:59:02.232 [pool-1-thread-2] DEBUG o.a.p.ModelProcessor:116 - Processing enclosed elements with AfterViewsHandler: [org.androidannotations.model.AnnotationElements$AnnotatedAndRootElements@283561b9, org.androidannotations.model.AnnotationElements$AnnotatedAndRootElements@34d46725]
14:59:02.233 [pool-1-thread-2] INFO  o.a.AndroidAnnotationProcessor:259 - Number of files generated by AndroidAnnotations: 2
14:59:02.234 [pool-1-thread-2] INFO  o.a.g.ApiCodeGenerator:52 - Writting following API classes in project: []
14:59:02.236 [pool-1-thread-2] DEBUG o.a.g.SourceCodewriter:55 - Generating class: com.fei_ke.AndroidHook.ui.fragment.EditFragment_
14:59:02.251 [pool-1-thread-2] DEBUG o.a.g.SourceCodewriter:55 - Generating class: com.fei_ke.AndroidHook.ui.activity.EditActivity_
14:59:02.264 [pool-1-thread-2] INFO  o.a.p.TimeStats:81 - Time measurements: [Whole Processing = 131 ms], [Process Annotations = 43 ms], [Generate Sources = 31 ms], [Find R Classes = 21 ms], [Validate Annotations = 18 ms], [Extract Annotations = 5 ms], [Extract Manifest = 5 ms], 
14:59:02.264 [pool-1-thread-2] INFO  o.a.AndroidAnnotationProcessor:131 - Finish processing
14:59:02.850 [pool-1-thread-2] INFO  o.a.AndroidAnnotationProcessor:86 - Initialize AndroidAnnotationProcessor with options {}
14:59:02.910 [pool-1-thread-2] INFO  o.a.AndroidAnnotationProcessor:117 - Start processing for 6 annotations on 13 elements
14:59:02.919 [pool-1-thread-2] DEBUG o.a.h.AndroidManifestFinder:137 - AndroidManifest.xml file found in parent folder D:\FEi\git\AndroidHook\AndroidHook: D:\FEi\git\AndroidHook\AndroidHook\AndroidManifest.xml
14:59:02.923 [pool-1-thread-2] INFO  o.a.AndroidAnnotationProcessor:180 - AndroidManifest.xml found: AndroidManifest [applicationPackage=com.fei_ke.AndroidHook, componentQualifiedNames=[com.fei_ke.AndroidHook.ui.activity.MainActivity_, com.fei_ke.AndroidHook.ui.activity.EditActivity_], permissionQualifiedNames=[], applicationClassName=com.fei_ke.AndroidHook.BaseApplication, libraryProject=false, debugabble=false, minSdkVersion=14, maxSdkVersion=-1, targetSdkVersion=19]
14:59:02.923 [pool-1-thread-2] INFO  o.a.r.ProjectRClassFinder:48 - Found project R class: com.fei_ke.AndroidHook.R
14:59:02.925 [pool-1-thread-2] INFO  o.a.r.AndroidRClassFinder:44 - Found Android class: android.R
14:59:02.943 [pool-1-thread-2] INFO  o.a.p.ModelValidator:42 - Validating elements
14:59:02.943 [pool-1-thread-2] DEBUG o.a.p.ModelValidator:62 - Validating with EActivityHandler: [com.fei_ke.AndroidHook.ui.activity.MainActivity, com.fei_ke.AndroidHook.ui.activity.BaseActivity, com.fei_ke.AndroidHook.ui.activity.EditActivity]
14:59:02.947 [pool-1-thread-2] DEBUG o.a.p.ModelValidator:62 - Validating with EFragmentHandler: [com.fei_ke.AndroidHook.ui.fragment.EditFragment, com.fei_ke.AndroidHook.ui.fragment.BaseFragment]
14:59:02.950 [pool-1-thread-2] DEBUG o.a.p.ModelValidator:62 - Validating with ViewByIdHandler: [listView, editAliasName, editPackageName, editClassName, editMethodName, editParaType, spinnerReturnType, spinnerHookType]
14:59:02.956 [pool-1-thread-2] DEBUG o.a.p.ModelValidator:62 - Validating with ExtraHandler: [hookEntity]
14:59:02.957 [pool-1-thread-2] DEBUG o.a.p.ModelValidator:62 - Validating with FragmentArgHandler: [hookEntity]
14:59:02.957 [pool-1-thread-2] DEBUG o.a.p.ModelValidator:62 - Validating with AfterViewsHandler: [onPrivateAfterViews(), onPrivateAfterViews()]
14:59:02.967 [pool-1-thread-2] INFO  o.a.p.ModelProcessor:73 - Processing root elements
14:59:02.967 [pool-1-thread-2] DEBUG o.a.p.ModelProcessor:80 - Processing root elements EActivityHandler: [com.fei_ke.AndroidHook.ui.activity.EditActivity, com.fei_ke.AndroidHook.ui.activity.MainActivity, com.fei_ke.AndroidHook.ui.activity.BaseActivity]
14:59:02.993 [pool-1-thread-2] DEBUG o.a.p.ModelProcessor:80 - Processing root elements EFragmentHandler: [com.fei_ke.AndroidHook.ui.fragment.EditFragment, com.fei_ke.AndroidHook.ui.fragment.BaseFragment]
14:59:02.994 [pool-1-thread-2] INFO  o.a.p.ModelProcessor:104 - Processing enclosed elements
14:59:03.1 [pool-1-thread-2] DEBUG o.a.p.ModelProcessor:116 - Processing enclosed elements with AfterViewsHandler: [org.androidannotations.model.AnnotationElements$AnnotatedAndRootElements@4fde7fea, org.androidannotations.model.AnnotationElements$AnnotatedAndRootElements@4e039f41, org.androidannotations.model.AnnotationElements$AnnotatedAndRootElements@6ac47476]
14:59:03.1 [pool-1-thread-2] INFO  o.a.AndroidAnnotationProcessor:259 - Number of files generated by AndroidAnnotations: 3
14:59:03.3 [pool-1-thread-2] INFO  o.a.g.ApiCodeGenerator:52 - Writting following API classes in project: []
14:59:03.4 [pool-1-thread-2] DEBUG o.a.g.SourceCodewriter:55 - Generating class: com.fei_ke.AndroidHook.ui.fragment.EditFragment_
14:59:03.16 [pool-1-thread-2] DEBUG o.a.g.SourceCodewriter:55 - Generating class: com.fei_ke.AndroidHook.ui.activity.EditActivity_
14:59:03.23 [pool-1-thread-2] DEBUG o.a.g.SourceCodewriter:55 - Generating class: com.fei_ke.AndroidHook.ui.activity.MainActivity_
14:59:03.27 [pool-1-thread-2] INFO  o.a.p.TimeStats:81 - Time measurements: [Whole Processing = 117 ms], [Process Annotations = 43 ms], [Generate Sources = 26 ms], [Validate Annotations = 16 ms], [Find R Classes = 12 ms], [Extract Annotations = 8 ms], [Extract Manifest = 5 ms], 
14:59:03.27 [pool-1-thread-2] INFO  o.a.AndroidAnnotationProcessor:131 - Finish processing
15:25:24.530 [pool-1-thread-2] INFO  o.a.AndroidAnnotationProcessor:86 - Initialize AndroidAnnotationProcessor with options {}
15:25:24.603 [pool-1-thread-2] INFO  o.a.AndroidAnnotationProcessor:117 - Start processing for 2 annotations on 2 elements
15:25:24.608 [pool-1-thread-2] DEBUG o.a.h.AndroidManifestFinder:137 - AndroidManifest.xml file found in parent folder D:\FEi\git\AndroidHook\AndroidHook: D:\FEi\git\AndroidHook\AndroidHook\AndroidManifest.xml
15:25:24.615 [pool-1-thread-2] INFO  o.a.AndroidAnnotationProcessor:180 - AndroidManifest.xml found: AndroidManifest [applicationPackage=com.fei_ke.AndroidHook, componentQualifiedNames=[com.fei_ke.AndroidHook.ui.activity.MainActivity_, com.fei_ke.AndroidHook.ui.activity.EditActivity_], permissionQualifiedNames=[], applicationClassName=com.fei_ke.AndroidHook.BaseApplication, libraryProject=false, debugabble=false, minSdkVersion=14, maxSdkVersion=-1, targetSdkVersion=19]
15:25:24.616 [pool-1-thread-2] INFO  o.a.r.ProjectRClassFinder:48 - Found project R class: com.fei_ke.AndroidHook.R
15:25:24.620 [pool-1-thread-2] INFO  o.a.r.AndroidRClassFinder:44 - Found Android class: android.R
15:25:24.653 [pool-1-thread-2] INFO  o.a.p.ModelValidator:42 - Validating elements
15:25:24.653 [pool-1-thread-2] DEBUG o.a.p.ModelValidator:62 - Validating with EFragmentHandler: [com.fei_ke.AndroidHook.ui.fragment.BaseFragment]
15:25:24.657 [pool-1-thread-2] DEBUG o.a.p.ModelValidator:62 - Validating with AfterViewsHandler: [onPrivateAfterViews()]
15:25:24.666 [pool-1-thread-2] INFO  o.a.p.ModelProcessor:73 - Processing root elements
15:25:24.666 [pool-1-thread-2] DEBUG o.a.p.ModelProcessor:80 - Processing root elements EFragmentHandler: [com.fei_ke.AndroidHook.ui.fragment.BaseFragment]
15:25:24.666 [pool-1-thread-2] INFO  o.a.p.ModelProcessor:104 - Processing enclosed elements
15:25:24.667 [pool-1-thread-2] INFO  o.a.AndroidAnnotationProcessor:259 - Number of files generated by AndroidAnnotations: 0
15:25:24.670 [pool-1-thread-2] INFO  o.a.g.ApiCodeGenerator:52 - Writting following API classes in project: []
15:25:24.671 [pool-1-thread-2] INFO  o.a.p.TimeStats:81 - Time measurements: [Whole Processing = 68 ms], [Find R Classes = 30 ms], [Extract Manifest = 8 ms], [Process Annotations = 8 ms], [Validate Annotations = 7 ms], [Extract Annotations = 4 ms], [Generate Sources = 4 ms], 
15:25:24.671 [pool-1-thread-2] INFO  o.a.AndroidAnnotationProcessor:131 - Finish processing
15:25:24.992 [pool-1-thread-2] INFO  o.a.AndroidAnnotationProcessor:86 - Initialize AndroidAnnotationProcessor with options {}
15:25:25.46 [pool-1-thread-2] INFO  o.a.AndroidAnnotationProcessor:117 - Start processing for 2 annotations on 3 elements
15:25:25.50 [pool-1-thread-2] DEBUG o.a.h.AndroidManifestFinder:137 - AndroidManifest.xml file found in parent folder D:\FEi\git\AndroidHook\AndroidHook: D:\FEi\git\AndroidHook\AndroidHook\AndroidManifest.xml
15:25:25.55 [pool-1-thread-2] INFO  o.a.AndroidAnnotationProcessor:180 - AndroidManifest.xml found: AndroidManifest [applicationPackage=com.fei_ke.AndroidHook, componentQualifiedNames=[com.fei_ke.AndroidHook.ui.activity.MainActivity_, com.fei_ke.AndroidHook.ui.activity.EditActivity_], permissionQualifiedNames=[], applicationClassName=com.fei_ke.AndroidHook.BaseApplication, libraryProject=false, debugabble=false, minSdkVersion=14, maxSdkVersion=-1, targetSdkVersion=19]
15:25:25.56 [pool-1-thread-2] INFO  o.a.r.ProjectRClassFinder:48 - Found project R class: com.fei_ke.AndroidHook.R
15:25:25.59 [pool-1-thread-2] INFO  o.a.r.AndroidRClassFinder:44 - Found Android class: android.R
15:25:25.79 [pool-1-thread-2] INFO  o.a.p.ModelValidator:42 - Validating elements
15:25:25.79 [pool-1-thread-2] DEBUG o.a.p.ModelValidator:62 - Validating with EActivityHandler: [com.fei_ke.AndroidHook.ui.activity.MainActivity]
15:25:25.83 [pool-1-thread-2] DEBUG o.a.p.ModelValidator:62 - Validating with ViewByIdHandler: [listView]
15:25:25.96 [pool-1-thread-2] INFO  o.a.p.ModelProcessor:73 - Processing root elements
15:25:25.97 [pool-1-thread-2] DEBUG o.a.p.ModelProcessor:80 - Processing root elements EActivityHandler: [com.fei_ke.AndroidHook.ui.activity.MainActivity]
15:25:25.137 [pool-1-thread-2] INFO  o.a.p.ModelProcessor:104 - Processing enclosed elements
15:25:25.138 [pool-1-thread-2] DEBUG o.a.p.ModelProcessor:116 - Processing enclosed elements with AfterViewsHandler: [org.androidannotations.model.AnnotationElements$AnnotatedAndRootElements@5322d536]
15:25:25.139 [pool-1-thread-2] INFO  o.a.AndroidAnnotationProcessor:259 - Number of files generated by AndroidAnnotations: 1
15:25:25.140 [pool-1-thread-2] INFO  o.a.g.ApiCodeGenerator:52 - Writting following API classes in project: []
15:25:25.141 [pool-1-thread-2] DEBUG o.a.g.SourceCodewriter:55 - Generating class: com.fei_ke.AndroidHook.ui.activity.MainActivity_
15:25:25.157 [pool-1-thread-2] INFO  o.a.p.TimeStats:81 - Time measurements: [Whole Processing = 111 ms], [Process Annotations = 53 ms], [Generate Sources = 18 ms], [Find R Classes = 16 ms], [Validate Annotations = 7 ms], [Extract Manifest = 6 ms], [Extract Annotations = 2 ms], 
15:25:25.158 [pool-1-thread-2] INFO  o.a.AndroidAnnotationProcessor:131 - Finish processing
15:35:33.441 [pool-1-thread-2] INFO  o.a.AndroidAnnotationProcessor:86 - Initialize AndroidAnnotationProcessor with options {}
15:35:33.508 [pool-1-thread-2] INFO  o.a.AndroidAnnotationProcessor:117 - Start processing for 5 annotations on 7 elements
15:35:33.515 [pool-1-thread-2] DEBUG o.a.h.AndroidManifestFinder:137 - AndroidManifest.xml file found in parent folder D:\FEi\git\AndroidHook\AndroidHook: D:\FEi\git\AndroidHook\AndroidHook\AndroidManifest.xml
15:35:33.519 [pool-1-thread-2] INFO  o.a.AndroidAnnotationProcessor:180 - AndroidManifest.xml found: AndroidManifest [applicationPackage=com.fei_ke.AndroidHook, componentQualifiedNames=[com.fei_ke.AndroidHook.ui.activity.MainActivity_, com.fei_ke.AndroidHook.ui.activity.EditActivity_], permissionQualifiedNames=[], applicationClassName=com.fei_ke.AndroidHook.BaseApplication, libraryProject=false, debugabble=false, minSdkVersion=14, maxSdkVersion=-1, targetSdkVersion=19]
15:35:33.519 [pool-1-thread-2] INFO  o.a.r.ProjectRClassFinder:48 - Found project R class: com.fei_ke.AndroidHook.R
15:35:33.523 [pool-1-thread-2] INFO  o.a.r.AndroidRClassFinder:44 - Found Android class: android.R
15:35:33.551 [pool-1-thread-2] INFO  o.a.p.ModelValidator:42 - Validating elements
15:35:33.551 [pool-1-thread-2] DEBUG o.a.p.ModelValidator:62 - Validating with EActivityHandler: [com.fei_ke.AndroidHook.ui.activity.MainActivity]
15:35:33.555 [pool-1-thread-2] DEBUG o.a.p.ModelValidator:62 - Validating with EFragmentHandler: [com.fei_ke.AndroidHook.ui.fragment.BaseFragment, com.fei_ke.AndroidHook.ui.fragment.EditFragment]
15:35:33.557 [pool-1-thread-2] DEBUG o.a.p.ModelValidator:62 - Validating with ViewByIdHandler: [listView, editAliasName, editPackageName, editClassName, editMethodName, editParaType, spinnerReturnType, spinnerHookType]
15:35:33.568 [pool-1-thread-2] DEBUG o.a.p.ModelValidator:62 - Validating with FragmentArgHandler: [hookEntity]
15:35:33.569 [pool-1-thread-2] DEBUG o.a.p.ModelValidator:62 - Validating with AfterViewsHandler: [onPrivateAfterViews()]
15:35:33.577 [pool-1-thread-2] INFO  o.a.p.ModelProcessor:73 - Processing root elements
15:35:33.577 [pool-1-thread-2] DEBUG o.a.p.ModelProcessor:80 - Processing root elements EActivityHandler: [com.fei_ke.AndroidHook.ui.activity.MainActivity]
15:35:33.607 [pool-1-thread-2] DEBUG o.a.p.ModelProcessor:80 - Processing root elements EFragmentHandler: [com.fei_ke.AndroidHook.ui.fragment.EditFragment, com.fei_ke.AndroidHook.ui.fragment.BaseFragment]
15:35:33.609 [pool-1-thread-2] INFO  o.a.p.ModelProcessor:104 - Processing enclosed elements
15:35:33.615 [pool-1-thread-2] DEBUG o.a.p.ModelProcessor:116 - Processing enclosed elements with AfterViewsHandler: [org.androidannotations.model.AnnotationElements$AnnotatedAndRootElements@c3d7345, org.androidannotations.model.AnnotationElements$AnnotatedAndRootElements@5157f1a8]
15:35:33.616 [pool-1-thread-2] INFO  o.a.AndroidAnnotationProcessor:259 - Number of files generated by AndroidAnnotations: 2
15:35:33.618 [pool-1-thread-2] INFO  o.a.g.ApiCodeGenerator:52 - Writting following API classes in project: []
15:35:33.619 [pool-1-thread-2] DEBUG o.a.g.SourceCodewriter:55 - Generating class: com.fei_ke.AndroidHook.ui.fragment.EditFragment_
15:35:33.637 [pool-1-thread-2] DEBUG o.a.g.SourceCodewriter:55 - Generating class: com.fei_ke.AndroidHook.ui.activity.MainActivity_
15:35:33.648 [pool-1-thread-2] INFO  o.a.p.TimeStats:81 - Time measurements: [Whole Processing = 140 ms], [Process Annotations = 47 ms], [Generate Sources = 32 ms], [Find R Classes = 24 ms], [Validate Annotations = 19 ms], [Extract Manifest = 6 ms], [Extract Annotations = 5 ms], 
15:35:33.648 [pool-1-thread-2] INFO  o.a.AndroidAnnotationProcessor:131 - Finish processing
15:36:52.23 [pool-1-thread-2] INFO  o.a.AndroidAnnotationProcessor:86 - Initialize AndroidAnnotationProcessor with options {}
15:36:52.85 [pool-1-thread-2] INFO  o.a.AndroidAnnotationProcessor:117 - Start processing for 6 annotations on 9 elements
15:36:52.94 [pool-1-thread-2] DEBUG o.a.h.AndroidManifestFinder:137 - AndroidManifest.xml file found in parent folder D:\FEi\git\AndroidHook\AndroidHook: D:\FEi\git\AndroidHook\AndroidHook\AndroidManifest.xml
15:36:52.97 [pool-1-thread-2] INFO  o.a.AndroidAnnotationProcessor:180 - AndroidManifest.xml found: AndroidManifest [applicationPackage=com.fei_ke.AndroidHook, componentQualifiedNames=[com.fei_ke.AndroidHook.ui.activity.MainActivity_, com.fei_ke.AndroidHook.ui.activity.EditActivity_], permissionQualifiedNames=[], applicationClassName=com.fei_ke.AndroidHook.BaseApplication, libraryProject=false, debugabble=false, minSdkVersion=14, maxSdkVersion=-1, targetSdkVersion=19]
15:36:52.98 [pool-1-thread-2] INFO  o.a.r.ProjectRClassFinder:48 - Found project R class: com.fei_ke.AndroidHook.R
15:36:52.101 [pool-1-thread-2] INFO  o.a.r.AndroidRClassFinder:44 - Found Android class: android.R
15:36:52.125 [pool-1-thread-2] INFO  o.a.p.ModelValidator:42 - Validating elements
15:36:52.126 [pool-1-thread-2] DEBUG o.a.p.ModelValidator:62 - Validating with EActivityHandler: [com.fei_ke.AndroidHook.ui.activity.MainActivity, com.fei_ke.AndroidHook.ui.activity.EditActivity]
15:36:52.130 [pool-1-thread-2] DEBUG o.a.p.ModelValidator:62 - Validating with EFragmentHandler: [com.fei_ke.AndroidHook.ui.fragment.BaseFragment, com.fei_ke.AndroidHook.ui.fragment.EditFragment]
15:36:52.133 [pool-1-thread-2] DEBUG o.a.p.ModelValidator:62 - Validating with ViewByIdHandler: [listView, editAliasName, editPackageName, editClassName, editMethodName, editParaType, spinnerReturnType, spinnerHookType]
15:36:52.143 [pool-1-thread-2] DEBUG o.a.p.ModelValidator:62 - Validating with ExtraHandler: [hookEntity]
15:36:52.144 [pool-1-thread-2] DEBUG o.a.p.ModelValidator:62 - Validating with FragmentArgHandler: [hookEntity]
15:36:52.144 [pool-1-thread-2] DEBUG o.a.p.ModelValidator:62 - Validating with AfterViewsHandler: [onPrivateAfterViews()]
15:36:52.152 [pool-1-thread-2] INFO  o.a.p.ModelProcessor:73 - Processing root elements
15:36:52.153 [pool-1-thread-2] DEBUG o.a.p.ModelProcessor:80 - Processing root elements EActivityHandler: [com.fei_ke.AndroidHook.ui.activity.EditActivity, com.fei_ke.AndroidHook.ui.activity.MainActivity]
15:36:52.183 [pool-1-thread-2] DEBUG o.a.p.ModelProcessor:80 - Processing root elements EFragmentHandler: [com.fei_ke.AndroidHook.ui.fragment.EditFragment, com.fei_ke.AndroidHook.ui.fragment.BaseFragment]
15:36:52.185 [pool-1-thread-2] INFO  o.a.p.ModelProcessor:104 - Processing enclosed elements
15:36:52.192 [pool-1-thread-2] DEBUG o.a.p.ModelProcessor:116 - Processing enclosed elements with AfterViewsHandler: [org.androidannotations.model.AnnotationElements$AnnotatedAndRootElements@34ca5236, org.androidannotations.model.AnnotationElements$AnnotatedAndRootElements@3e0f950, org.androidannotations.model.AnnotationElements$AnnotatedAndRootElements@292d45ad]
15:36:52.192 [pool-1-thread-2] INFO  o.a.AndroidAnnotationProcessor:259 - Number of files generated by AndroidAnnotations: 3
15:36:52.195 [pool-1-thread-2] INFO  o.a.g.ApiCodeGenerator:52 - Writting following API classes in project: []
15:36:52.196 [pool-1-thread-2] DEBUG o.a.g.SourceCodewriter:55 - Generating class: com.fei_ke.AndroidHook.ui.fragment.EditFragment_
15:36:52.212 [pool-1-thread-2] DEBUG o.a.g.SourceCodewriter:55 - Generating class: com.fei_ke.AndroidHook.ui.activity.EditActivity_
15:36:52.224 [pool-1-thread-2] DEBUG o.a.g.SourceCodewriter:55 - Generating class: com.fei_ke.AndroidHook.ui.activity.MainActivity_
15:36:52.233 [pool-1-thread-2] INFO  o.a.p.TimeStats:81 - Time measurements: [Whole Processing = 148 ms], [Process Annotations = 47 ms], [Generate Sources = 41 ms], [Find R Classes = 22 ms], [Validate Annotations = 20 ms], [Extract Annotations = 7 ms], [Extract Manifest = 5 ms], 
15:36:52.234 [pool-1-thread-2] INFO  o.a.AndroidAnnotationProcessor:131 - Finish processing
15:37:21.17 [pool-1-thread-2] INFO  o.a.AndroidAnnotationProcessor:86 - Initialize AndroidAnnotationProcessor with options {}
15:42:29.436 [pool-1-thread-2] INFO  o.a.AndroidAnnotationProcessor:86 - Initialize AndroidAnnotationProcessor with options {}
15:42:29.510 [pool-1-thread-2] INFO  o.a.AndroidAnnotationProcessor:117 - Start processing for 3 annotations on 1 elements
15:42:29.516 [pool-1-thread-2] DEBUG o.a.h.AndroidManifestFinder:137 - AndroidManifest.xml file found in parent folder D:\FEi\git\AndroidHook\AndroidHook: D:\FEi\git\AndroidHook\AndroidHook\AndroidManifest.xml
15:42:29.523 [pool-1-thread-2] INFO  o.a.AndroidAnnotationProcessor:180 - AndroidManifest.xml found: AndroidManifest [applicationPackage=com.fei_ke.AndroidHook, componentQualifiedNames=[com.fei_ke.AndroidHook.ui.activity.MainActivity_, com.fei_ke.AndroidHook.ui.activity.EditActivity_], permissionQualifiedNames=[], applicationClassName=com.fei_ke.AndroidHook.BaseApplication, libraryProject=false, debugabble=false, minSdkVersion=14, maxSdkVersion=-1, targetSdkVersion=19]
15:42:29.524 [pool-1-thread-2] INFO  o.a.r.ProjectRClassFinder:48 - Found project R class: com.fei_ke.AndroidHook.R
15:42:29.527 [pool-1-thread-2] INFO  o.a.r.AndroidRClassFinder:44 - Found Android class: android.R
15:42:29.561 [pool-1-thread-2] INFO  o.a.p.ModelValidator:42 - Validating elements
15:42:29.561 [pool-1-thread-2] DEBUG o.a.p.ModelValidator:62 - Validating with EFragmentHandler: [com.fei_ke.AndroidHook.ui.fragment.EditFragment]
15:42:29.565 [pool-1-thread-2] DEBUG o.a.p.ModelValidator:62 - Validating with ViewByIdHandler: [editAliasName, editPackageName, editClassName, editMethodName, editParaType, spinnerReturnType, spinnerHookType]
15:42:29.578 [pool-1-thread-2] DEBUG o.a.p.ModelValidator:62 - Validating with FragmentArgHandler: [hookEntity]
15:42:29.586 [pool-1-thread-2] INFO  o.a.p.ModelProcessor:73 - Processing root elements
15:42:29.586 [pool-1-thread-2] DEBUG o.a.p.ModelProcessor:80 - Processing root elements EFragmentHandler: [com.fei_ke.AndroidHook.ui.fragment.EditFragment]
15:42:29.602 [pool-1-thread-2] INFO  o.a.p.ModelProcessor:104 - Processing enclosed elements
15:42:29.613 [pool-1-thread-2] DEBUG o.a.p.ModelProcessor:116 - Processing enclosed elements with AfterViewsHandler: [org.androidannotations.model.AnnotationElements$AnnotatedAndRootElements@4bef141a]
15:42:29.614 [pool-1-thread-2] INFO  o.a.AndroidAnnotationProcessor:259 - Number of files generated by AndroidAnnotations: 1
15:42:29.615 [pool-1-thread-2] INFO  o.a.g.ApiCodeGenerator:52 - Writting following API classes in project: []
15:42:29.616 [pool-1-thread-2] DEBUG o.a.g.SourceCodewriter:55 - Generating class: com.fei_ke.AndroidHook.ui.fragment.EditFragment_
15:42:29.633 [pool-1-thread-2] INFO  o.a.p.TimeStats:81 - Time measurements: [Whole Processing = 123 ms], [Process Annotations = 35 ms], [Find R Classes = 31 ms], [Generate Sources = 19 ms], [Validate Annotations = 18 ms], [Extract Manifest = 9 ms], [Extract Annotations = 3 ms], 
15:42:29.633 [pool-1-thread-2] INFO  o.a.AndroidAnnotationProcessor:131 - Finish processing
15:52:46.419 [pool-1-thread-2] INFO  o.a.AndroidAnnotationProcessor:86 - Initialize AndroidAnnotationProcessor with options {}
15:52:46.494 [pool-1-thread-2] INFO  o.a.AndroidAnnotationProcessor:117 - Start processing for 2 annotations on 1 elements
15:52:46.498 [pool-1-thread-2] DEBUG o.a.h.AndroidManifestFinder:137 - AndroidManifest.xml file found in parent folder D:\FEi\git\AndroidHook\AndroidHook: D:\FEi\git\AndroidHook\AndroidHook\AndroidManifest.xml
15:52:46.503 [pool-1-thread-2] INFO  o.a.AndroidAnnotationProcessor:180 - AndroidManifest.xml found: AndroidManifest [applicationPackage=com.fei_ke.AndroidHook, componentQualifiedNames=[com.fei_ke.AndroidHook.ui.activity.MainActivity_, com.fei_ke.AndroidHook.ui.activity.EditActivity_], permissionQualifiedNames=[], applicationClassName=com.fei_ke.AndroidHook.BaseApplication, libraryProject=false, debugabble=false, minSdkVersion=14, maxSdkVersion=-1, targetSdkVersion=19]
15:52:46.503 [pool-1-thread-2] INFO  o.a.r.ProjectRClassFinder:48 - Found project R class: com.fei_ke.AndroidHook.R
15:52:46.506 [pool-1-thread-2] INFO  o.a.r.AndroidRClassFinder:44 - Found Android class: android.R
15:52:46.536 [pool-1-thread-2] INFO  o.a.p.ModelValidator:42 - Validating elements
15:52:46.536 [pool-1-thread-2] DEBUG o.a.p.ModelValidator:62 - Validating with EActivityHandler: [com.fei_ke.AndroidHook.ui.activity.MainActivity]
15:52:46.540 [pool-1-thread-2] DEBUG o.a.p.ModelValidator:62 - Validating with ViewByIdHandler: [listView]
15:52:46.551 [pool-1-thread-2] INFO  o.a.p.ModelProcessor:73 - Processing root elements
15:52:46.551 [pool-1-thread-2] DEBUG o.a.p.ModelProcessor:80 - Processing root elements EActivityHandler: [com.fei_ke.AndroidHook.ui.activity.MainActivity]
15:52:46.585 [pool-1-thread-2] INFO  o.a.p.ModelProcessor:104 - Processing enclosed elements
15:52:46.586 [pool-1-thread-2] DEBUG o.a.p.ModelProcessor:116 - Processing enclosed elements with AfterViewsHandler: [org.androidannotations.model.AnnotationElements$AnnotatedAndRootElements@71cf4b78]
15:52:46.586 [pool-1-thread-2] INFO  o.a.AndroidAnnotationProcessor:259 - Number of files generated by AndroidAnnotations: 1
15:52:46.588 [pool-1-thread-2] INFO  o.a.g.ApiCodeGenerator:52 - Writting following API classes in project: []
15:52:46.589 [pool-1-thread-2] DEBUG o.a.g.SourceCodewriter:55 - Generating class: com.fei_ke.AndroidHook.ui.activity.MainActivity_
15:52:46.607 [pool-1-thread-2] INFO  o.a.p.TimeStats:81 - Time measurements: [Whole Processing = 112 ms], [Process Annotations = 42 ms], [Find R Classes = 26 ms], [Generate Sources = 20 ms], [Validate Annotations = 8 ms], [Extract Manifest = 5 ms], [Extract Annotations = 3 ms], 
15:52:46.607 [pool-1-thread-2] INFO  o.a.AndroidAnnotationProcessor:131 - Finish processing
15:57:52.684 [pool-1-thread-2] INFO  o.a.AndroidAnnotationProcessor:86 - Initialize AndroidAnnotationProcessor with options {}
16:10:45.511 [pool-1-thread-2] INFO  o.a.AndroidAnnotationProcessor:86 - Initialize AndroidAnnotationProcessor with options {}
16:13:02.48 [pool-1-thread-2] INFO  o.a.AndroidAnnotationProcessor:86 - Initialize AndroidAnnotationProcessor with options {}
16:13:02.122 [pool-1-thread-2] INFO  o.a.AndroidAnnotationProcessor:117 - Start processing for 3 annotations on 1 elements
16:13:02.126 [pool-1-thread-2] DEBUG o.a.h.AndroidManifestFinder:137 - AndroidManifest.xml file found in parent folder D:\FEi\git\AndroidHook\AndroidHook: D:\FEi\git\AndroidHook\AndroidHook\AndroidManifest.xml
16:13:02.133 [pool-1-thread-2] INFO  o.a.AndroidAnnotationProcessor:180 - AndroidManifest.xml found: AndroidManifest [applicationPackage=com.fei_ke.AndroidHook, componentQualifiedNames=[com.fei_ke.AndroidHook.ui.activity.MainActivity_, com.fei_ke.AndroidHook.ui.activity.EditActivity_], permissionQualifiedNames=[], applicationClassName=com.fei_ke.AndroidHook.BaseApplication, libraryProject=false, debugabble=false, minSdkVersion=14, maxSdkVersion=-1, targetSdkVersion=19]
16:13:02.134 [pool-1-thread-2] INFO  o.a.r.ProjectRClassFinder:48 - Found project R class: com.fei_ke.AndroidHook.R
16:13:02.138 [pool-1-thread-2] INFO  o.a.r.AndroidRClassFinder:44 - Found Android class: android.R
16:13:02.171 [pool-1-thread-2] INFO  o.a.p.ModelValidator:42 - Validating elements
16:13:02.171 [pool-1-thread-2] DEBUG o.a.p.ModelValidator:62 - Validating with EFragmentHandler: [com.fei_ke.AndroidHook.ui.fragment.EditFragment]
16:13:02.174 [pool-1-thread-2] DEBUG o.a.p.ModelValidator:62 - Validating with ViewByIdHandler: [editAliasName, editPackageName, editClassName, editMethodName, editParaType, spinnerReturnType, spinnerHookType]
16:13:02.187 [pool-1-thread-2] DEBUG o.a.p.ModelValidator:62 - Validating with FragmentArgHandler: [hookEntity]
16:13:02.195 [pool-1-thread-2] INFO  o.a.p.ModelProcessor:73 - Processing root elements
16:13:02.196 [pool-1-thread-2] DEBUG o.a.p.ModelProcessor:80 - Processing root elements EFragmentHandler: [com.fei_ke.AndroidHook.ui.fragment.EditFragment]
16:13:02.210 [pool-1-thread-2] INFO  o.a.p.ModelProcessor:104 - Processing enclosed elements
16:13:02.223 [pool-1-thread-2] DEBUG o.a.p.ModelProcessor:116 - Processing enclosed elements with AfterViewsHandler: [org.androidannotations.model.AnnotationElements$AnnotatedAndRootElements@313b6a40]
16:13:02.223 [pool-1-thread-2] INFO  o.a.AndroidAnnotationProcessor:259 - Number of files generated by AndroidAnnotations: 1
16:13:02.225 [pool-1-thread-2] INFO  o.a.g.ApiCodeGenerator:52 - Writting following API classes in project: []
16:13:02.226 [pool-1-thread-2] DEBUG o.a.g.SourceCodewriter:55 - Generating class: com.fei_ke.AndroidHook.ui.fragment.EditFragment_
16:13:02.242 [pool-1-thread-2] INFO  o.a.p.TimeStats:81 - Time measurements: [Whole Processing = 120 ms], [Process Annotations = 35 ms], [Find R Classes = 31 ms], [Generate Sources = 19 ms], [Validate Annotations = 18 ms], [Extract Manifest = 8 ms], [Extract Annotations = 3 ms], 
16:13:02.242 [pool-1-thread-2] INFO  o.a.AndroidAnnotationProcessor:131 - Finish processing
16:16:11.177 [pool-1-thread-2] INFO  o.a.AndroidAnnotationProcessor:86 - Initialize AndroidAnnotationProcessor with options {}
16:16:11.255 [pool-1-thread-2] INFO  o.a.AndroidAnnotationProcessor:117 - Start processing for 3 annotations on 1 elements
16:16:11.263 [pool-1-thread-2] DEBUG o.a.h.AndroidManifestFinder:137 - AndroidManifest.xml file found in parent folder D:\FEi\git\AndroidHook\AndroidHook: D:\FEi\git\AndroidHook\AndroidHook\AndroidManifest.xml
16:16:11.270 [pool-1-thread-2] INFO  o.a.AndroidAnnotationProcessor:180 - AndroidManifest.xml found: AndroidManifest [applicationPackage=com.fei_ke.AndroidHook, componentQualifiedNames=[com.fei_ke.AndroidHook.ui.activity.MainActivity_, com.fei_ke.AndroidHook.ui.activity.EditActivity_], permissionQualifiedNames=[], applicationClassName=com.fei_ke.AndroidHook.BaseApplication, libraryProject=false, debugabble=false, minSdkVersion=14, maxSdkVersion=-1, targetSdkVersion=19]
16:16:11.271 [pool-1-thread-2] INFO  o.a.r.ProjectRClassFinder:48 - Found project R class: com.fei_ke.AndroidHook.R
16:16:11.275 [pool-1-thread-2] INFO  o.a.r.AndroidRClassFinder:44 - Found Android class: android.R
16:16:11.308 [pool-1-thread-2] INFO  o.a.p.ModelValidator:42 - Validating elements
16:16:11.308 [pool-1-thread-2] DEBUG o.a.p.ModelValidator:62 - Validating with EFragmentHandler: [com.fei_ke.AndroidHook.ui.fragment.EditFragment]
16:16:11.312 [pool-1-thread-2] DEBUG o.a.p.ModelValidator:62 - Validating with ViewByIdHandler: [editAliasName, editPackageName, editClassName, editMethodName, editParaType, spinnerReturnType, spinnerHookType]
16:16:11.325 [pool-1-thread-2] DEBUG o.a.p.ModelValidator:62 - Validating with FragmentArgHandler: [hookEntity]
16:16:11.333 [pool-1-thread-2] INFO  o.a.p.ModelProcessor:73 - Processing root elements
16:16:11.333 [pool-1-thread-2] DEBUG o.a.p.ModelProcessor:80 - Processing root elements EFragmentHandler: [com.fei_ke.AndroidHook.ui.fragment.EditFragment]
16:16:11.349 [pool-1-thread-2] INFO  o.a.p.ModelProcessor:104 - Processing enclosed elements
16:16:11.362 [pool-1-thread-2] DEBUG o.a.p.ModelProcessor:116 - Processing enclosed elements with AfterViewsHandler: [org.androidannotations.model.AnnotationElements$AnnotatedAndRootElements@2cc2fa04]
16:16:11.362 [pool-1-thread-2] INFO  o.a.AndroidAnnotationProcessor:259 - Number of files generated by AndroidAnnotations: 1
16:16:11.364 [pool-1-thread-2] INFO  o.a.g.ApiCodeGenerator:52 - Writting following API classes in project: []
16:16:11.365 [pool-1-thread-2] DEBUG o.a.g.SourceCodewriter:55 - Generating class: com.fei_ke.AndroidHook.ui.fragment.EditFragment_
16:16:11.381 [pool-1-thread-2] INFO  o.a.p.TimeStats:81 - Time measurements: [Whole Processing = 126 ms], [Process Annotations = 37 ms], [Find R Classes = 30 ms], [Generate Sources = 19 ms], [Validate Annotations = 17 ms], [Extract Manifest = 8 ms], [Extract Annotations = 7 ms], 
16:16:11.381 [pool-1-thread-2] INFO  o.a.AndroidAnnotationProcessor:131 - Finish processing
16:45:57.348 [pool-1-thread-2] INFO  o.a.AndroidAnnotationProcessor:86 - Initialize AndroidAnnotationProcessor with options {}
16:54:00.158 [pool-1-thread-2] INFO  o.a.AndroidAnnotationProcessor:86 - Initialize AndroidAnnotationProcessor with options {}
16:54:00.245 [pool-1-thread-2] INFO  o.a.AndroidAnnotationProcessor:117 - Start processing for 2 annotations on 1 elements
16:54:00.250 [pool-1-thread-2] DEBUG o.a.h.AndroidManifestFinder:137 - AndroidManifest.xml file found in parent folder D:\FEi\git\AndroidHook\AndroidHook: D:\FEi\git\AndroidHook\AndroidHook\AndroidManifest.xml
16:54:00.255 [pool-1-thread-2] INFO  o.a.AndroidAnnotationProcessor:180 - AndroidManifest.xml found: AndroidManifest [applicationPackage=com.fei_ke.AndroidHook, componentQualifiedNames=[com.fei_ke.AndroidHook.ui.activity.MainActivity_, com.fei_ke.AndroidHook.ui.activity.EditActivity_], permissionQualifiedNames=[], applicationClassName=com.fei_ke.AndroidHook.BaseApplication, libraryProject=false, debugabble=false, minSdkVersion=14, maxSdkVersion=-1, targetSdkVersion=19]
16:54:00.255 [pool-1-thread-2] INFO  o.a.r.ProjectRClassFinder:48 - Found project R class: com.fei_ke.AndroidHook.R
16:54:00.260 [pool-1-thread-2] INFO  o.a.r.AndroidRClassFinder:44 - Found Android class: android.R
16:54:00.290 [pool-1-thread-2] INFO  o.a.p.ModelValidator:42 - Validating elements
16:54:00.291 [pool-1-thread-2] DEBUG o.a.p.ModelValidator:62 - Validating with EActivityHandler: [com.fei_ke.AndroidHook.ui.activity.MainActivity]
16:54:00.295 [pool-1-thread-2] DEBUG o.a.p.ModelValidator:62 - Validating with ViewByIdHandler: [listView]
16:54:00.309 [pool-1-thread-2] INFO  o.a.p.ModelProcessor:73 - Processing root elements
16:54:00.310 [pool-1-thread-2] DEBUG o.a.p.ModelProcessor:80 - Processing root elements EActivityHandler: [com.fei_ke.AndroidHook.ui.activity.MainActivity]
16:54:00.340 [pool-1-thread-2] INFO  o.a.p.ModelProcessor:104 - Processing enclosed elements
16:54:00.341 [pool-1-thread-2] DEBUG o.a.p.ModelProcessor:116 - Processing enclosed elements with AfterViewsHandler: [org.androidannotations.model.AnnotationElements$AnnotatedAndRootElements@7ded679d]
16:54:00.341 [pool-1-thread-2] INFO  o.a.AndroidAnnotationProcessor:259 - Number of files generated by AndroidAnnotations: 1
16:54:00.343 [pool-1-thread-2] INFO  o.a.g.ApiCodeGenerator:52 - Writting following API classes in project: []
16:54:00.344 [pool-1-thread-2] DEBUG o.a.g.SourceCodewriter:55 - Generating class: com.fei_ke.AndroidHook.ui.activity.MainActivity_
16:54:00.360 [pool-1-thread-2] INFO  o.a.p.TimeStats:81 - Time measurements: [Whole Processing = 115 ms], [Process Annotations = 39 ms], [Find R Classes = 29 ms], [Generate Sources = 19 ms], [Validate Annotations = 12 ms], [Extract Manifest = 5 ms], [Extract Annotations = 4 ms], 
16:54:00.360 [pool-1-thread-2] INFO  o.a.AndroidAnnotationProcessor:131 - Finish processing
